INFO:root:Substation numbers in utility: [1, 2, 4, 9, 12, 14, 19, 22, 26, 30, 37, 48, 52, 57, 62, 67, 69, 74, 78, 79, 82, 83, 96, 100, 106, 108, 111, 116, 118, 129, 130, 133, 137, 141, 144, 148, 151, 152, 154, 164, 167, 176, 177, 191, 192, 195, 196, 197, 202, 207]
INFO:root:Number of substations: 50
INFO:root:Utility id: 52
INFO:root:Optimized positions for G2: {0: array([ 34.61733048, -81.48752808]), 59: array([ 34.58484623, -81.56265024]), 1: array([ 34.28613966, -81.37402699]), 64: array([ 34.22121346, -81.39545272]), 2: array([ 33.64344952, -81.85519063]), 54: array([ 33.71143177, -81.78325858]), 3: array([ 34.52702196, -80.92145542]), 7: array([ 34.4553937 , -81.01479399]), 43: array([ 34.52653895, -80.81798377]), 4: array([ 34.33729844, -80.70083926]), 52: array([ 34.44874944, -80.74507575]), 5: array([ 34.21461638, -80.66740996]), 15: array([ 34.09540285, -80.6264475 ]), 6: array([ 33.61061672, -81.1180132 ]), 61: array([ 33.68727939, -81.11166611]), 26: array([ 34.34322214, -81.09554691]), 8: array([ 33.87886739, -81.82884837]), 55: array([ 33.79217942, -81.85957953]), 9: array([ 34.00124109, -80.55732768]), 13: array([ 33.91333457, -80.53114194]), 16: array([ 34.05492866, -80.47080136]), 10: array([ 34.12646421, -80.40522042]), 50: array([ 34.1897545 , -80.34453002]), 11: array([ 34.26847428, -80.29367381]), 12: array([ 33.78642519, -81.95549007]), 14: array([ 33.79677207, -81.20687543]), 63: array([ 33.85828629, -81.22873787]), 17: array([ 34.03207699, -80.25203372]), 20: array([ 33.9990493 , -80.36314452]), 34: array([ 34.11741928, -80.29418639]), 19: array([ 34.01604445, -80.14270187]), 18: array([ 34.1805745 , -81.46443534]), 53: array([ 34.0079636 , -80.05653934]), 21: array([ 34.66489658, -81.62144046]), 22: array([ 33.05026675, -80.90225868]), 62: array([ 33.13055705, -80.93313791]), 23: array([ 33.07484669, -80.98405828]), 49: array([ 34.2131146 , -81.17488824]), 38: array([ 33.74128698, -81.51656391]), 46: array([ 33.7917692 , -81.37407573]), 48: array([ 33.71266261, -81.65406785]), 39: array([ 34.293782  , -81.49558941]), 51: array([ 34.38176957, -81.5536489 ]), 41: array([ 33.25218168, -80.94010025]), 58: array([ 33.39093521, -80.96223965]), 44: array([ 33.45688321, -80.95645262]), 60: array([ 33.53141419, -81.01139861]), 45: array([ 34.3529218 , -81.46275687]), 57: array([ 34.46219518, -81.53232241]), 56: array([ 34.07810982, -81.2623934 ])}
INFO:progress.log:Optimized Positions: {0: array([ 34.61733048, -81.48752808]), 59: array([ 34.58484623, -81.56265024]), 1: array([ 34.28613966, -81.37402699]), 64: array([ 34.22121346, -81.39545272]), 2: array([ 33.64344952, -81.85519063]), 54: array([ 33.71143177, -81.78325858]), 3: array([ 34.52702196, -80.92145542]), 7: array([ 34.4553937 , -81.01479399]), 43: array([ 34.52653895, -80.81798377]), 4: array([ 34.33729844, -80.70083926]), 52: array([ 34.44874944, -80.74507575]), 5: array([ 34.21461638, -80.66740996]), 15: array([ 34.09540285, -80.6264475 ]), 6: array([ 33.61061672, -81.1180132 ]), 61: array([ 33.68727939, -81.11166611]), 26: array([ 34.34322214, -81.09554691]), 8: array([ 33.87886739, -81.82884837]), 55: array([ 33.79217942, -81.85957953]), 9: array([ 34.00124109, -80.55732768]), 13: array([ 33.91333457, -80.53114194]), 16: array([ 34.05492866, -80.47080136]), 10: array([ 34.12646421, -80.40522042]), 50: array([ 34.1897545 , -80.34453002]), 11: array([ 34.26847428, -80.29367381]), 12: array([ 33.78642519, -81.95549007]), 14: array([ 33.79677207, -81.20687543]), 63: array([ 33.85828629, -81.22873787]), 17: array([ 34.03207699, -80.25203372]), 20: array([ 33.9990493 , -80.36314452]), 34: array([ 34.11741928, -80.29418639]), 19: array([ 34.01604445, -80.14270187]), 18: array([ 34.1805745 , -81.46443534]), 53: array([ 34.0079636 , -80.05653934]), 21: array([ 34.66489658, -81.62144046]), 22: array([ 33.05026675, -80.90225868]), 62: array([ 33.13055705, -80.93313791]), 23: array([ 33.07484669, -80.98405828]), 49: array([ 34.2131146 , -81.17488824]), 38: array([ 33.74128698, -81.51656391]), 46: array([ 33.7917692 , -81.37407573]), 48: array([ 33.71266261, -81.65406785]), 39: array([ 34.293782  , -81.49558941]), 51: array([ 34.38176957, -81.5536489 ]), 41: array([ 33.25218168, -80.94010025]), 58: array([ 33.39093521, -80.96223965]), 44: array([ 33.45688321, -80.95645262]), 60: array([ 33.53141419, -81.01139861]), 45: array([ 34.3529218 , -81.46275687]), 57: array([ 34.46219518, -81.53232241]), 56: array([ 34.07810982, -81.2623934 ])}
INFO:root:Mapping: {0: '137', 59: '69', 1: '83', 64: '197', 2: '118', 54: '96', 3: '154', 7: '167', 43: '129', 4: '195', 52: '144', 5: '2', 15: '192', 6: '74', 61: '148', 26: '1', 8: '9', 55: '151', 9: '106', 13: '177', 16: '100', 10: '52', 50: '26', 11: '130', 12: '48', 14: '196', 63: '22', 17: '12', 20: '116', 34: '111', 19: '164', 18: '62', 53: '4', 21: '19', 22: '78', 62: '37', 23: '30', 49: '202', 38: '67', 46: '207', 48: '79', 39: '133', 51: '14', 41: '57', 58: '141', 44: '176', 60: '152', 45: '191', 57: '108', 56: '82'}
INFO:root:Number of subs in mapping: 50
INFO:root:Labels of the nodes in the statistics based graph: [(0, {'pos': (34.52, -81.11), 'label': '137'}), (59, {'label': '69', 'pos': (34.14, -81.21)}), (1, {'label': '83', 'pos': (34.22, -81.3)}), (64, {'label': '197', 'pos': (34.0, -81.1)}), (2, {'label': '118', 'pos': (33.6, -81.32)}), (54, {'label': '96', 'pos': (33.94, -81.15)}), (3, {'label': '154', 'pos': (34.57, -80.91)}), (7, {'label': '167', 'pos': (34.2, -81.0)}), (43, {'label': '129', 'pos': (34.6, -80.89)}), (4, {'label': '195', 'pos': (34.34, -80.7)}), (52, {'label': '144', 'pos': (34.33, -80.88)}), (5, {'label': '2', 'pos': (34.14, -80.89)}), (15, {'label': '192', 'pos': (34.03, -81.0)}), (6, {'label': '74', 'pos': (33.63, -81.08)}), (61, {'label': '148', 'pos': (33.83, -81.09)}), (26, {'label': '1', 'pos': (34.37, -81.09)}), (8, {'label': '9', 'pos': (34.0, -81.27)}), (55, {'label': '151', 'pos': (33.94, -81.38)}), (9, {'label': '106', 'pos': (33.98, -81.04)}), (13, {'label': '177', 'pos': (33.89, -80.64)}), (16, {'label': '100', 'pos': (33.99, -81.0)}), (10, {'label': '52', 'pos': (34.03, -80.96)}), (50, {'label': '26', 'pos': (34.1, -80.79)}), (11, {'label': '130', 'pos': (34.09, -80.97)}), (12, {'label': '48', 'pos': (33.92, -81.45)}), (14, {'label': '196', 'pos': (33.91, -81.08)}), (63, {'label': '22', 'pos': (33.95, -81.06)}), (17, {'label': '12', 'pos': (33.93, -80.95)}), (20, {'label': '116', 'pos': (33.94, -80.69)}), (34, {'label': '111', 'pos': (33.99, -81.03)}), (19, {'label': '164', 'pos': (33.8, -80.74)}), (18, {'label': '62', 'pos': (34.13, -81.34)}), (53, {'label': '4', 'pos': (33.83, -80.62)}), (21, {'label': '19', 'pos': (34.29, -81.3)}), (22, {'label': '78', 'pos': (33.53, -80.59)}), (62, {'label': '37', 'pos': (33.58, -80.65)}), (23, {'label': '30', 'pos': (33.51, -81.3)}), (49, {'label': '202', 'pos': (34.1, -81.04)}), (38, {'label': '67', 'pos': (33.76, -81.27)}), (46, {'label': '207', 'pos': (33.89, -81.24)}), (48, {'label': '79', 'pos': (33.66, -81.42)}), (39, {'label': '133', 'pos': (34.05, -81.11)}), (51, {'label': '14', 'pos': (34.15, -81.51)}), (41, {'label': '57', 'pos': (33.69, -80.79)}), (58, {'label': '141', 'pos': (33.57, -80.89)}), (44, {'label': '176', 'pos': (33.87, -81.02)}), (60, {'label': '152', 'pos': (33.75, -81.04)}), (45, {'label': '191', 'pos': (34.24, -81.33)}), (57, {'label': '108', 'pos': (34.33, -81.42)}), (56, {'label': '82', 'pos': (34.06, -81.22)})]
INFO:root:Labels of the nodes in the power based graph: [(1, {'Latitude': 34.37, 'Longitude': -81.09, 'label': '1'}), (2, {'Latitude': 34.14, 'Longitude': -80.89, 'label': '2'}), (129, {'Latitude': 34.6, 'Longitude': -80.89, 'label': '129'}), (4, {'Latitude': 33.83, 'Longitude': -80.62, 'label': '4'}), (130, {'Latitude': 34.09, 'Longitude': -80.97, 'label': '130'}), (133, {'Latitude': 34.05, 'Longitude': -81.11, 'label': '133'}), (9, {'Latitude': 34.0, 'Longitude': -81.27, 'label': '9'}), (137, {'Latitude': 34.52, 'Longitude': -81.11, 'label': '137'}), (12, {'Latitude': 33.93, 'Longitude': -80.95, 'label': '12'}), (141, {'Latitude': 33.57, 'Longitude': -80.89, 'label': '141'}), (14, {'Latitude': 34.15, 'Longitude': -81.51, 'label': '14'}), (144, {'Latitude': 34.33, 'Longitude': -80.88, 'label': '144'}), (19, {'Latitude': 34.29, 'Longitude': -81.3, 'label': '19'}), (148, {'Latitude': 33.83, 'Longitude': -81.09, 'label': '148'}), (22, {'Latitude': 33.95, 'Longitude': -81.06, 'label': '22'}), (151, {'Latitude': 33.94, 'Longitude': -81.38, 'label': '151'}), (152, {'Latitude': 33.75, 'Longitude': -81.04, 'label': '152'}), (26, {'Latitude': 34.1, 'Longitude': -80.79, 'label': '26'}), (154, {'Latitude': 34.57, 'Longitude': -80.91, 'label': '154'}), (30, {'Latitude': 33.51, 'Longitude': -81.3, 'label': '30'}), (164, {'Latitude': 33.8, 'Longitude': -80.74, 'label': '164'}), (37, {'Latitude': 33.58, 'Longitude': -80.65, 'label': '37'}), (167, {'Latitude': 34.2, 'Longitude': -81.0, 'label': '167'}), (48, {'Latitude': 33.92, 'Longitude': -81.45, 'label': '48'}), (176, {'Latitude': 33.87, 'Longitude': -81.02, 'label': '176'}), (177, {'Latitude': 33.89, 'Longitude': -80.64, 'label': '177'}), (52, {'Latitude': 34.03, 'Longitude': -80.96, 'label': '52'}), (57, {'Latitude': 33.69, 'Longitude': -80.79, 'label': '57'}), (62, {'Latitude': 34.13, 'Longitude': -81.34, 'label': '62'}), (191, {'Latitude': 34.24, 'Longitude': -81.33, 'label': '191'}), (192, {'Latitude': 34.03, 'Longitude': -81.0, 'label': '192'}), (67, {'Latitude': 33.76, 'Longitude': -81.27, 'label': '67'}), (195, {'Latitude': 34.34, 'Longitude': -80.7, 'label': '195'}), (69, {'Latitude': 34.14, 'Longitude': -81.21, 'label': '69'}), (196, {'Latitude': 33.91, 'Longitude': -81.08, 'label': '196'}), (197, {'Latitude': 34.0, 'Longitude': -81.1, 'label': '197'}), (74, {'Latitude': 33.63, 'Longitude': -81.08, 'label': '74'}), (202, {'Latitude': 34.1, 'Longitude': -81.04, 'label': '202'}), (78, {'Latitude': 33.53, 'Longitude': -80.59, 'label': '78'}), (79, {'Latitude': 33.66, 'Longitude': -81.42, 'label': '79'}), (207, {'Latitude': 33.89, 'Longitude': -81.24, 'label': '207'}), (82, {'Latitude': 34.06, 'Longitude': -81.22, 'label': '82'}), (83, {'Latitude': 34.22, 'Longitude': -81.3, 'label': '83'}), (96, {'Latitude': 33.94, 'Longitude': -81.15, 'label': '96'}), (100, {'Latitude': 33.99, 'Longitude': -81.0, 'label': '100'}), (106, {'Latitude': 33.98, 'Longitude': -81.04, 'label': '106'}), (108, {'Latitude': 34.33, 'Longitude': -81.42, 'label': '108'}), (111, {'Latitude': 33.99, 'Longitude': -81.03, 'label': '111'}), (116, {'Latitude': 33.94, 'Longitude': -80.69, 'label': '116'}), (118, {'Latitude': 33.6, 'Longitude': -81.32, 'label': '118'})]
INFO:root:Source: 137
INFO:root:Destination: 69
INFO:root:Source substation: 137
INFO:root:Destination substation: 69
INFO:root:Link added between Utility 1.BLACKSTOCK..Router 137 and Utility 1.IRMO..Router 69
INFO:root:Source: 69
INFO:root:Destination: 19
INFO:root:Source substation: 69
INFO:root:Destination substation: 19
INFO:root:Link added between Utility 1.IRMO..Router 69 and Utility 1.JENKINSVILLE..Router 19
INFO:root:Source: 69
INFO:root:Destination: 108
INFO:root:Source substation: 69
INFO:root:Destination substation: 108
INFO:root:Link added between Utility 1.IRMO..Router 69 and Utility 1.POMARIA..Router 108
INFO:root:Source: 83
INFO:root:Destination: 197
INFO:root:Source substation: 83
INFO:root:Destination substation: 197
INFO:root:Link added between Utility 1.LITTLE MOUNTAIN..Router 83 and Utility 1.WEST COLUMBIA 1..Router 197
INFO:root:Source: 197
INFO:root:Destination: 62
INFO:root:Source substation: 197
INFO:root:Destination substation: 62
INFO:root:Link added between Utility 1.WEST COLUMBIA 1..Router 197 and Utility 1.CHAPIN..Router 62
INFO:root:Source: 197
INFO:root:Destination: 133
INFO:root:Source substation: 197
INFO:root:Destination substation: 133
INFO:root:Link added between Utility 1.WEST COLUMBIA 1..Router 197 and Utility 1.COLUMBIA 3..Router 133
INFO:root:Source: 197
INFO:root:Destination: 191
INFO:root:Source substation: 197
INFO:root:Destination substation: 191
INFO:root:Link added between Utility 1.WEST COLUMBIA 1..Router 197 and Utility 1.PEAK..Router 191
INFO:root:Source: 197
INFO:root:Destination: 82
INFO:root:Source substation: 197
INFO:root:Destination substation: 82
INFO:root:Link added between Utility 1.WEST COLUMBIA 1..Router 197 and Utility 1.COLUMBIA 8..Router 82
INFO:root:Source: 118
INFO:root:Destination: 96
INFO:root:Source substation: 118
INFO:root:Destination substation: 96
INFO:root:Link added between Utility 1.SALLEY..Router 118 and Utility 1.WEST COLUMBIA 3..Router 96
INFO:root:Source: 96
INFO:root:Destination: 79
INFO:root:Source substation: 96
INFO:root:Destination substation: 79
INFO:root:Link added between Utility 1.WEST COLUMBIA 3..Router 96 and Utility 1.WAGENER..Router 79
INFO:root:Source: 96
INFO:root:Destination: 151
INFO:root:Source substation: 96
INFO:root:Destination substation: 151
INFO:root:Link added between Utility 1.WEST COLUMBIA 3..Router 96 and Utility 1.GILBERT..Router 151
INFO:root:Source: 154
INFO:root:Destination: 167
INFO:root:Source substation: 154
INFO:root:Destination substation: 167
INFO:root:Link added between Utility 1.GREAT FALLS 1..Router 154 and Utility 1.BLYTHEWOOD..Router 167
INFO:root:Source: 154
INFO:root:Destination: 129
INFO:root:Source substation: 154
INFO:root:Destination substation: 129
INFO:root:Link added between Utility 1.GREAT FALLS 1..Router 154 and Utility 1.GREAT FALLS 2..Router 129
INFO:root:Source: 167
INFO:root:Destination: 1
INFO:root:Source substation: 167
INFO:root:Destination substation: 1
INFO:root:Link added between Utility 1.BLYTHEWOOD..Router 167 and Utility 1.WINNSBORO..Router 1
INFO:root:Source: 129
INFO:root:Destination: 144
INFO:root:Source substation: 129
INFO:root:Destination substation: 144
INFO:root:Link added between Utility 1.GREAT FALLS 2..Router 129 and Utility 1.RIDGEWAY 2..Router 144
INFO:root:Source: 195
INFO:root:Destination: 144
INFO:root:Source substation: 195
INFO:root:Destination substation: 144
INFO:root:Link added between Utility 1.RIDGEWAY 1..Router 195 and Utility 1.RIDGEWAY 2..Router 144
INFO:root:Source: 195
INFO:root:Destination: 2
INFO:root:Source substation: 195
INFO:root:Destination substation: 2
INFO:root:Link added between Utility 1.RIDGEWAY 1..Router 195 and Utility 1.COLUMBIA 11..Router 2
INFO:root:Source: 2
INFO:root:Destination: 192
INFO:root:Source substation: 2
INFO:root:Destination substation: 192
INFO:root:Link added between Utility 1.COLUMBIA 11..Router 2 and Utility 1.COLUMBIA 2..Router 192
INFO:root:Source: 192
INFO:root:Destination: 106
INFO:root:Source substation: 192
INFO:root:Destination substation: 106
INFO:root:Link added between Utility 1.COLUMBIA 2..Router 192 and Utility 1.COLUMBIA 6..Router 106
INFO:root:Source: 74
INFO:root:Destination: 148
INFO:root:Source substation: 74
INFO:root:Destination substation: 148
INFO:root:Link added between Utility 1.NORTH..Router 74 and Utility 1.GASTON 2..Router 148
INFO:root:Source: 148
INFO:root:Destination: 152
INFO:root:Source substation: 148
INFO:root:Destination substation: 152
INFO:root:Link added between Utility 1.GASTON 2..Router 148 and Utility 1.SWANSEA..Router 152
INFO:root:Source: 148
INFO:root:Destination: 22
INFO:root:Source substation: 148
INFO:root:Destination substation: 22
INFO:root:Link added between Utility 1.GASTON 2..Router 148 and Utility 1.CAYCE..Router 22
INFO:root:Source: 1
INFO:root:Destination: 202
INFO:root:Source substation: 1
INFO:root:Destination substation: 202
INFO:root:Link added between Utility 1.WINNSBORO..Router 1 and Utility 1.COLUMBIA 1..Router 202
INFO:root:Source: 9
INFO:root:Destination: 151
INFO:root:Source substation: 9
INFO:root:Destination substation: 151
INFO:root:Link added between Utility 1.LEXINGTON 2..Router 9 and Utility 1.GILBERT..Router 151
INFO:root:Source: 151
INFO:root:Destination: 48
INFO:root:Source substation: 151
INFO:root:Destination substation: 48
INFO:root:Link added between Utility 1.GILBERT..Router 151 and Utility 1.LEESVILLE..Router 48
INFO:root:Source: 106
INFO:root:Destination: 177
INFO:root:Source substation: 106
INFO:root:Destination substation: 177
INFO:root:Link added between Utility 1.COLUMBIA 6..Router 106 and Utility 1.EASTOVER 1..Router 177
INFO:root:Source: 106
INFO:root:Destination: 100
INFO:root:Source substation: 106
INFO:root:Destination substation: 100
INFO:root:Link added between Utility 1.COLUMBIA 6..Router 106 and Utility 1.COLUMBIA 7..Router 100
INFO:root:Source: 100
INFO:root:Destination: 52
INFO:root:Source substation: 100
INFO:root:Destination substation: 52
INFO:root:Link added between Utility 1.COLUMBIA 7..Router 100 and Utility 1.COLUMBIA 9..Router 52
INFO:root:Source: 52
INFO:root:Destination: 26
INFO:root:Source substation: 52
INFO:root:Destination substation: 26
INFO:root:Link added between Utility 1.COLUMBIA 9..Router 52 and Utility 1.BELTON 2..Router 26
INFO:root:Source: 26
INFO:root:Destination: 130
INFO:root:Source substation: 26
INFO:root:Destination substation: 130
INFO:root:Link added between Utility 1.BELTON 2..Router 26 and Utility 1.COLUMBIA 4..Router 130
INFO:root:Source: 26
INFO:root:Destination: 111
INFO:root:Source substation: 26
INFO:root:Destination substation: 111
INFO:root:Link added between Utility 1.BELTON 2..Router 26 and Utility 1.COLUMBIA 5..Router 111
INFO:root:Source: 196
INFO:root:Destination: 22
INFO:root:Source substation: 196
INFO:root:Destination substation: 22
INFO:root:Link added between Utility 1.WEST COLUMBIA 2..Router 196 and Utility 1.CAYCE..Router 22
INFO:root:Source: 22
INFO:root:Destination: 207
INFO:root:Source substation: 22
INFO:root:Destination substation: 207
INFO:root:Link added between Utility 1.CAYCE..Router 22 and Utility 1.LEXINGTON 1..Router 207
INFO:root:Source: 22
INFO:root:Destination: 82
INFO:root:Source substation: 22
INFO:root:Destination substation: 82
INFO:root:Link added between Utility 1.CAYCE..Router 22 and Utility 1.COLUMBIA 8..Router 82
INFO:root:Source: 12
INFO:root:Destination: 116
INFO:root:Source substation: 12
INFO:root:Destination substation: 116
INFO:root:Link added between Utility 1.COLUMBIA 10..Router 12 and Utility 1.HOPKINS..Router 116
INFO:root:Source: 12
INFO:root:Destination: 111
INFO:root:Source substation: 12
INFO:root:Destination substation: 111
INFO:root:Link added between Utility 1.COLUMBIA 10..Router 12 and Utility 1.COLUMBIA 5..Router 111
INFO:root:Source: 12
INFO:root:Destination: 164
INFO:root:Source substation: 12
INFO:root:Destination substation: 164
INFO:root:Link added between Utility 1.COLUMBIA 10..Router 12 and Utility 1.GADSDEN..Router 164
INFO:root:Source: 164
INFO:root:Destination: 4
INFO:root:Source substation: 164
INFO:root:Destination substation: 4
INFO:root:Link added between Utility 1.GADSDEN..Router 164 and Utility 1.EASTOVER 2..Router 4
INFO:root:Source: 78
INFO:root:Destination: 37
INFO:root:Source substation: 78
INFO:root:Destination substation: 37
INFO:root:Link added between Utility 1.ELLOREE..Router 78 and Utility 1.CAMERON..Router 37
INFO:root:Source: 37
INFO:root:Destination: 30
INFO:root:Source substation: 37
INFO:root:Destination substation: 30
INFO:root:Link added between Utility 1.CAMERON..Router 37 and Utility 1.SPRINGFIELD..Router 30
INFO:root:Source: 37
INFO:root:Destination: 57
INFO:root:Source substation: 37
INFO:root:Destination substation: 57
INFO:root:Link added between Utility 1.CAMERON..Router 37 and Utility 1.SAINT MATTHEWS..Router 57
INFO:root:Source: 202
INFO:root:Destination: 82
INFO:root:Source substation: 202
INFO:root:Destination substation: 82
INFO:root:Link added between Utility 1.COLUMBIA 1..Router 202 and Utility 1.COLUMBIA 8..Router 82
INFO:root:Source: 67
INFO:root:Destination: 207
INFO:root:Source substation: 67
INFO:root:Destination substation: 207
INFO:root:Link added between Utility 1.PELION..Router 67 and Utility 1.LEXINGTON 1..Router 207
INFO:root:Source: 67
INFO:root:Destination: 79
INFO:root:Source substation: 67
INFO:root:Destination substation: 79
INFO:root:Link added between Utility 1.PELION..Router 67 and Utility 1.WAGENER..Router 79
INFO:root:Source: 133
INFO:root:Destination: 14
INFO:root:Source substation: 133
INFO:root:Destination substation: 14
INFO:root:Link added between Utility 1.COLUMBIA 3..Router 133 and Utility 1.PROSPERITY..Router 14
INFO:root:Source: 14
INFO:root:Destination: 108
INFO:root:Source substation: 14
INFO:root:Destination substation: 108
INFO:root:Link added between Utility 1.PROSPERITY..Router 14 and Utility 1.POMARIA..Router 108
INFO:root:Source: 57
INFO:root:Destination: 141
INFO:root:Source substation: 57
INFO:root:Destination substation: 141
INFO:root:Link added between Utility 1.SAINT MATTHEWS..Router 57 and Utility 1.ORANGEBURG..Router 141
INFO:root:Source: 141
INFO:root:Destination: 176
INFO:root:Source substation: 141
INFO:root:Destination substation: 176
INFO:root:Link added between Utility 1.ORANGEBURG..Router 141 and Utility 1.GASTON 1..Router 176
INFO:root:Source: 141
INFO:root:Destination: 152
INFO:root:Source substation: 141
INFO:root:Destination substation: 152
INFO:root:Link added between Utility 1.ORANGEBURG..Router 141 and Utility 1.SWANSEA..Router 152
INFO:root:Source: 176
INFO:root:Destination: 152
INFO:root:Source substation: 176
INFO:root:Destination substation: 152
INFO:root:Link added between Utility 1.GASTON 1..Router 176 and Utility 1.SWANSEA..Router 152
INFO:root:Source: 191
INFO:root:Destination: 108
INFO:root:Source substation: 191
INFO:root:Destination substation: 108
INFO:root:Link added between Utility 1.PEAK..Router 191 and Utility 1.POMARIA..Router 108
INFO:root:Substation numbers in utility: [3, 16, 17, 20, 25, 28, 31, 36, 39, 42, 46, 47, 55, 59, 60, 61, 64, 65, 73, 76, 84, 92, 98, 102, 110, 120, 122, 127, 128, 135, 136, 138, 153, 155, 160, 162, 168, 170, 173, 174, 175, 178, 181, 182, 183, 188, 193, 194, 203, 204, 205, 206]
INFO:root:Number of substations: 52
INFO:root:Utility id: 53
INFO:root:Optimized positions for G2: {0: array([ 34.92389572, -81.0743913 ]), 27: array([ 34.97007701, -81.18324657]), 1: array([ 34.99154796, -81.36693697]), 14: array([ 34.98513563, -81.28260187]), 4: array([ 35.01290314, -81.57557042]), 2: array([ 35.10503072, -81.56920541]), 3: array([ 35.36899566, -81.3248471 ]), 37: array([ 35.50764761, -81.29654909]), 41: array([ 34.99573728, -81.79388054]), 5: array([ 34.17327596, -81.05156355]), 52: array([ 34.20404557, -81.16674513]), 6: array([ 34.82286224, -82.03230539]), 50: array([ 34.78788029, -81.89723195]), 7: array([ 34.26001992, -81.05996709]), 8: array([ 34.30799163, -82.08306185]), 40: array([ 34.39872285, -81.98172964]), 9: array([ 34.50631748, -82.11886165]), 45: array([ 34.53639936, -81.9899244 ]), 10: array([ 35.74158795, -81.34266818]), 51: array([ 35.63348774, -81.30490766]), 11: array([ 35.00047438, -81.06857623]), 12: array([ 34.69702864, -81.59679641]), 42: array([ 34.7196232 , -81.69182676]), 13: array([ 34.76296846, -82.02069087]), 15: array([ 34.86953526, -81.992022  ]), 16: array([ 35.70262453, -80.85842193]), 30: array([ 35.78323067, -80.91040051]), 17: array([ 34.10694672, -81.10106192]), 18: array([ 35.88129557, -81.14059857]), 46: array([ 35.76103335, -81.17141117]), 19: array([ 35.06377415, -81.89781701]), 20: array([ 34.19190879, -81.69192473]), 49: array([ 34.32194164, -81.68441048]), 22: array([ 34.69114643, -81.89704847]), 47: array([ 34.84724179, -81.77956042]), 23: array([ 34.58597144, -81.69264725]), 32: array([ 34.47052832, -81.739178  ]), 24: array([ 35.7794154, -81.030589 ]), 25: array([ 35.73222694, -81.24240552]), 26: array([ 35.47032985, -81.44512047]), 44: array([ 35.29057114, -81.5812494 ]), 28: array([ 35.3456352 , -81.69313127]), 38: array([ 35.29712642, -81.79747376]), 29: array([ 35.07324408, -81.67898324]), 31: array([ 35.16409542, -81.82291463]), 35: array([ 34.39530297, -81.82564408]), 33: array([ 34.29888377, -81.81790744]), 48: array([ 34.39521379, -81.9176515 ]), 34: array([ 34.27383946, -81.51477104]), 39: array([ 34.22917693, -81.36702328]), 36: array([ 34.2344825 , -81.52644061]), 43: array([ 34.51962108, -81.84810631])}
INFO:progress.log:Optimized Positions: {0: array([ 34.92389572, -81.0743913 ]), 27: array([ 34.97007701, -81.18324657]), 1: array([ 34.99154796, -81.36693697]), 14: array([ 34.98513563, -81.28260187]), 4: array([ 35.01290314, -81.57557042]), 2: array([ 35.10503072, -81.56920541]), 3: array([ 35.36899566, -81.3248471 ]), 37: array([ 35.50764761, -81.29654909]), 41: array([ 34.99573728, -81.79388054]), 5: array([ 34.17327596, -81.05156355]), 52: array([ 34.20404557, -81.16674513]), 6: array([ 34.82286224, -82.03230539]), 50: array([ 34.78788029, -81.89723195]), 7: array([ 34.26001992, -81.05996709]), 8: array([ 34.30799163, -82.08306185]), 40: array([ 34.39872285, -81.98172964]), 9: array([ 34.50631748, -82.11886165]), 45: array([ 34.53639936, -81.9899244 ]), 10: array([ 35.74158795, -81.34266818]), 51: array([ 35.63348774, -81.30490766]), 11: array([ 35.00047438, -81.06857623]), 12: array([ 34.69702864, -81.59679641]), 42: array([ 34.7196232 , -81.69182676]), 13: array([ 34.76296846, -82.02069087]), 15: array([ 34.86953526, -81.992022  ]), 16: array([ 35.70262453, -80.85842193]), 30: array([ 35.78323067, -80.91040051]), 17: array([ 34.10694672, -81.10106192]), 18: array([ 35.88129557, -81.14059857]), 46: array([ 35.76103335, -81.17141117]), 19: array([ 35.06377415, -81.89781701]), 20: array([ 34.19190879, -81.69192473]), 49: array([ 34.32194164, -81.68441048]), 22: array([ 34.69114643, -81.89704847]), 47: array([ 34.84724179, -81.77956042]), 23: array([ 34.58597144, -81.69264725]), 32: array([ 34.47052832, -81.739178  ]), 24: array([ 35.7794154, -81.030589 ]), 25: array([ 35.73222694, -81.24240552]), 26: array([ 35.47032985, -81.44512047]), 44: array([ 35.29057114, -81.5812494 ]), 28: array([ 35.3456352 , -81.69313127]), 38: array([ 35.29712642, -81.79747376]), 29: array([ 35.07324408, -81.67898324]), 31: array([ 35.16409542, -81.82291463]), 35: array([ 34.39530297, -81.82564408]), 33: array([ 34.29888377, -81.81790744]), 48: array([ 34.39521379, -81.9176515 ]), 34: array([ 34.27383946, -81.51477104]), 39: array([ 34.22917693, -81.36702328]), 36: array([ 34.2344825 , -81.52644061]), 43: array([ 34.51962108, -81.84810631])}
INFO:root:Mapping: {0: '168', 27: '122', 1: '128', 14: '162', 4: '47', 2: '110', 3: '3', 37: '160', 41: '136', 5: '73', 52: '203', 6: '98', 50: '174', 7: '31', 8: '20', 40: '28', 9: '153', 45: '46', 10: '59', 51: '102', 11: '36', 12: '194', 42: '182', 13: '64', 15: '205', 16: '175', 30: '178', 17: '16', 18: '206', 46: '61', 19: '65', 20: '155', 49: '173', 22: '188', 47: '135', 23: '181', 32: '42', 24: '138', 25: '60', 26: '76', 44: '17', 28: '183', 38: '170', 29: '55', 31: '25', 35: '120', 33: '84', 48: '193', 34: '92', 39: '39', 36: '204', 43: '127'}
INFO:root:Number of subs in mapping: 52
INFO:root:Labels of the nodes in the statistics based graph: [(0, {'pos': (34.89, -81.02), 'label': '168'}), (27, {'label': '122', 'pos': (34.97, -81.19)}), (1, {'label': '128', 'pos': (34.95, -81.45)}), (14, {'label': '162', 'pos': (34.86, -81.24)}), (4, {'label': '47', 'pos': (34.97, -81.59)}), (2, {'label': '110', 'pos': (35.07, -81.61)}), (3, {'label': '3', 'pos': (35.01, -81.39)}), (37, {'label': '160', 'pos': (35.11, -81.22)}), (41, {'label': '136', 'pos': (34.98, -81.83)}), (5, {'label': '73', 'pos': (34.71, -80.92)}), (52, {'label': '203', 'pos': (34.72, -81.23)}), (6, {'label': '98', 'pos': (34.87, -82.02)}), (50, {'label': '174', 'pos': (34.97, -81.91)}), (7, {'label': '31', 'pos': (34.8, -80.98)}), (8, {'label': '20', 'pos': (34.76, -82.04)}), (40, {'label': '28', 'pos': (34.65, -81.9)}), (9, {'label': '153', 'pos': (35.07, -82.07)}), (45, {'label': '46', 'pos': (34.89, -81.92)}), (10, {'label': '59', 'pos': (35.14, -82.0)}), (51, {'label': '102', 'pos': (35.16, -81.43)}), (11, {'label': '36', 'pos': (34.94, -81.03)}), (12, {'label': '194', 'pos': (34.76, -81.47)}), (42, {'label': '182', 'pos': (34.83, -81.65)}), (13, {'label': '64', 'pos': (34.93, -82.01)}), (15, {'label': '205', 'pos': (35.0, -81.96)}), (16, {'label': '175', 'pos': (34.83, -80.91)}), (30, {'label': '178', 'pos': (35.01, -80.93)}), (17, {'label': '16', 'pos': (34.77, -81.01)}), (18, {'label': '206', 'pos': (35.02, -81.01)}), (46, {'label': '61', 'pos': (35.05, -81.07)}), (19, {'label': '65', 'pos': (35.04, -81.98)}), (20, {'label': '155', 'pos': (34.49, -81.6)}), (49, {'label': '173', 'pos': (34.68, -81.61)}), (22, {'label': '188', 'pos': (34.88, -81.84)}), (47, {'label': '135', 'pos': (34.95, -81.84)}), (23, {'label': '181', 'pos': (34.72, -81.65)}), (32, {'label': '42', 'pos': (34.9, -81.71)}), (24, {'label': '138', 'pos': (35.05, -80.99)}), (25, {'label': '60', 'pos': (34.97, -81.08)}), (26, {'label': '76', 'pos': (35.12, -81.47)}), (44, {'label': '17', 'pos': (35.11, -81.71)}), (28, {'label': '183', 'pos': (35.13, -81.91)}), (38, {'label': '170', 'pos': (35.11, -81.97)}), (29, {'label': '55', 'pos': (35.05, -81.8)}), (31, {'label': '25', 'pos': (35.08, -81.86)}), (35, {'label': '120', 'pos': (34.71, -81.74)}), (33, {'label': '84', 'pos': (34.42, -81.81)}), (48, {'label': '193', 'pos': (34.78, -81.85)}), (34, {'label': '92', 'pos': (34.66, -81.45)}), (39, {'label': '39', 'pos': (34.44, -81.33)}), (36, {'label': '204', 'pos': (34.56, -81.49)}), (43, {'label': '127', 'pos': (34.65, -81.84)})]
INFO:root:Labels of the nodes in the power based graph: [(128, {'Latitude': 34.95, 'Longitude': -81.45, 'label': '128'}), (3, {'Latitude': 35.01, 'Longitude': -81.39, 'label': '3'}), (135, {'Latitude': 34.95, 'Longitude': -81.84, 'label': '135'}), (136, {'Latitude': 34.98, 'Longitude': -81.83, 'label': '136'}), (138, {'Latitude': 35.05, 'Longitude': -80.99, 'label': '138'}), (16, {'Latitude': 34.77, 'Longitude': -81.01, 'label': '16'}), (17, {'Latitude': 35.11, 'Longitude': -81.71, 'label': '17'}), (20, {'Latitude': 34.76, 'Longitude': -82.04, 'label': '20'}), (25, {'Latitude': 35.08, 'Longitude': -81.86, 'label': '25'}), (153, {'Latitude': 35.07, 'Longitude': -82.07, 'label': '153'}), (155, {'Latitude': 34.49, 'Longitude': -81.6, 'label': '155'}), (28, {'Latitude': 34.65, 'Longitude': -81.9, 'label': '28'}), (31, {'Latitude': 34.8, 'Longitude': -80.98, 'label': '31'}), (160, {'Latitude': 35.11, 'Longitude': -81.22, 'label': '160'}), (162, {'Latitude': 34.86, 'Longitude': -81.24, 'label': '162'}), (36, {'Latitude': 34.94, 'Longitude': -81.03, 'label': '36'}), (39, {'Latitude': 34.44, 'Longitude': -81.33, 'label': '39'}), (168, {'Latitude': 34.89, 'Longitude': -81.02, 'label': '168'}), (42, {'Latitude': 34.9, 'Longitude': -81.71, 'label': '42'}), (170, {'Latitude': 35.11, 'Longitude': -81.97, 'label': '170'}), (173, {'Latitude': 34.68, 'Longitude': -81.61, 'label': '173'}), (46, {'Latitude': 34.89, 'Longitude': -81.92, 'label': '46'}), (47, {'Latitude': 34.97, 'Longitude': -81.59, 'label': '47'}), (174, {'Latitude': 34.97, 'Longitude': -81.91, 'label': '174'}), (175, {'Latitude': 34.83, 'Longitude': -80.91, 'label': '175'}), (178, {'Latitude': 35.01, 'Longitude': -80.93, 'label': '178'}), (181, {'Latitude': 34.72, 'Longitude': -81.65, 'label': '181'}), (182, {'Latitude': 34.83, 'Longitude': -81.65, 'label': '182'}), (55, {'Latitude': 35.05, 'Longitude': -81.8, 'label': '55'}), (183, {'Latitude': 35.13, 'Longitude': -81.91, 'label': '183'}), (59, {'Latitude': 35.14, 'Longitude': -82.0, 'label': '59'}), (60, {'Latitude': 34.97, 'Longitude': -81.08, 'label': '60'}), (61, {'Latitude': 35.05, 'Longitude': -81.07, 'label': '61'}), (188, {'Latitude': 34.88, 'Longitude': -81.84, 'label': '188'}), (64, {'Latitude': 34.93, 'Longitude': -82.01, 'label': '64'}), (65, {'Latitude': 35.04, 'Longitude': -81.98, 'label': '65'}), (193, {'Latitude': 34.78, 'Longitude': -81.85, 'label': '193'}), (194, {'Latitude': 34.76, 'Longitude': -81.47, 'label': '194'}), (73, {'Latitude': 34.71, 'Longitude': -80.92, 'label': '73'}), (203, {'Latitude': 34.72, 'Longitude': -81.23, 'label': '203'}), (76, {'Latitude': 35.12, 'Longitude': -81.47, 'label': '76'}), (204, {'Latitude': 34.56, 'Longitude': -81.49, 'label': '204'}), (205, {'Latitude': 35.0, 'Longitude': -81.96, 'label': '205'}), (206, {'Latitude': 35.02, 'Longitude': -81.01, 'label': '206'}), (84, {'Latitude': 34.42, 'Longitude': -81.81, 'label': '84'}), (92, {'Latitude': 34.66, 'Longitude': -81.45, 'label': '92'}), (98, {'Latitude': 34.87, 'Longitude': -82.02, 'label': '98'}), (102, {'Latitude': 35.16, 'Longitude': -81.43, 'label': '102'}), (110, {'Latitude': 35.07, 'Longitude': -81.61, 'label': '110'}), (120, {'Latitude': 34.71, 'Longitude': -81.74, 'label': '120'}), (122, {'Latitude': 34.97, 'Longitude': -81.19, 'label': '122'}), (127, {'Latitude': 34.65, 'Longitude': -81.84, 'label': '127'})]
INFO:root:Source: 168
INFO:root:Destination: 122
INFO:root:Source substation: 168
INFO:root:Destination substation: 122
INFO:root:Link added between Utility 3.ROCK HILL 1..Router 168 and Utility 3.YORK 1..Router 122
INFO:root:Source: 122
INFO:root:Destination: 128
INFO:root:Source substation: 122
INFO:root:Destination substation: 128
INFO:root:Link added between Utility 3.YORK 1..Router 122 and Utility 3.HICKORY GROVE..Router 128
INFO:root:Source: 122
INFO:root:Destination: 36
INFO:root:Source substation: 122
INFO:root:Destination substation: 36
INFO:root:Link added between Utility 3.YORK 1..Router 122 and Utility 3.ROCK HILL 3..Router 36
INFO:root:Source: 128
INFO:root:Destination: 162
INFO:root:Source substation: 128
INFO:root:Destination substation: 162
INFO:root:Link added between Utility 3.HICKORY GROVE..Router 128 and Utility 3.MC CONNELLS..Router 162
INFO:root:Source: 128
INFO:root:Destination: 47
INFO:root:Source substation: 128
INFO:root:Destination substation: 47
INFO:root:Link added between Utility 3.HICKORY GROVE..Router 128 and Utility 3.GAFFNEY 2..Router 47
INFO:root:Source: 47
INFO:root:Destination: 110
INFO:root:Source substation: 47
INFO:root:Destination substation: 110
INFO:root:Link added between Utility 3.GAFFNEY 2..Router 47 and Utility 3.GAFFNEY 1..Router 110
INFO:root:Source: 47
INFO:root:Destination: 136
INFO:root:Source substation: 47
INFO:root:Destination substation: 136
INFO:root:Link added between Utility 3.GAFFNEY 2..Router 47 and Utility 3.CONVERSE..Router 136
INFO:root:Source: 3
INFO:root:Destination: 160
INFO:root:Source substation: 3
INFO:root:Destination substation: 160
INFO:root:Link added between Utility 3.SMYRNA..Router 3 and Utility 3.CLOVER..Router 160
INFO:root:Source: 160
INFO:root:Destination: 102
INFO:root:Source substation: 160
INFO:root:Destination substation: 102
INFO:root:Link added between Utility 3.CLOVER..Router 160 and Utility 3.BLACKSBURG 1..Router 102
INFO:root:Source: 136
INFO:root:Destination: 65
INFO:root:Source substation: 136
INFO:root:Destination substation: 65
INFO:root:Link added between Utility 3.CONVERSE..Router 136 and Utility 3.BOILING SPRINGS..Router 65
INFO:root:Source: 136
INFO:root:Destination: 25
INFO:root:Source substation: 136
INFO:root:Destination substation: 25
INFO:root:Link added between Utility 3.CONVERSE..Router 136 and Utility 3.MAYO..Router 25
INFO:root:Source: 136
INFO:root:Destination: 174
INFO:root:Source substation: 136
INFO:root:Destination substation: 174
INFO:root:Link added between Utility 3.CONVERSE..Router 136 and Utility 3.ARCADIA..Router 174
INFO:root:Source: 73
INFO:root:Destination: 203
INFO:root:Source substation: 73
INFO:root:Destination substation: 203
INFO:root:Link added between Utility 3.FORT LAWN..Router 73 and Utility 3.CHESTER..Router 203
INFO:root:Source: 203
INFO:root:Destination: 31
INFO:root:Source substation: 203
INFO:root:Destination substation: 31
INFO:root:Link added between Utility 3.CHESTER..Router 203 and Utility 3.EDGEMOOR..Router 31
INFO:root:Source: 203
INFO:root:Destination: 16
INFO:root:Source substation: 203
INFO:root:Destination substation: 16
INFO:root:Link added between Utility 3.CHESTER..Router 203 and Utility 3.LANDO..Router 16
INFO:root:Source: 203
INFO:root:Destination: 39
INFO:root:Source substation: 203
INFO:root:Destination substation: 39
INFO:root:Link added between Utility 3.CHESTER..Router 203 and Utility 3.BLAIR..Router 39
INFO:root:Source: 98
INFO:root:Destination: 174
INFO:root:Source substation: 98
INFO:root:Destination substation: 174
INFO:root:Link added between Utility 3.MOORE..Router 98 and Utility 3.ARCADIA..Router 174
INFO:root:Source: 174
INFO:root:Destination: 64
INFO:root:Source substation: 174
INFO:root:Destination substation: 64
INFO:root:Link added between Utility 3.ARCADIA..Router 174 and Utility 3.SPARTANBURG 5..Router 64
INFO:root:Source: 174
INFO:root:Destination: 205
INFO:root:Source substation: 174
INFO:root:Destination substation: 205
INFO:root:Link added between Utility 3.ARCADIA..Router 174 and Utility 3.SPARTANBURG 1..Router 205
INFO:root:Source: 174
INFO:root:Destination: 127
INFO:root:Source substation: 174
INFO:root:Destination substation: 127
INFO:root:Link added between Utility 3.ARCADIA..Router 174 and Utility 3.CROSS ANCHOR..Router 127
INFO:root:Source: 174
INFO:root:Destination: 135
INFO:root:Source substation: 174
INFO:root:Destination substation: 135
INFO:root:Link added between Utility 3.ARCADIA..Router 174 and Utility 3.SPARTANBURG 4..Router 135
INFO:root:Source: 20
INFO:root:Destination: 28
INFO:root:Source substation: 20
INFO:root:Destination substation: 28
INFO:root:Link added between Utility 3.WOODRUFF..Router 20 and Utility 3.ENOREE..Router 28
INFO:root:Source: 28
INFO:root:Destination: 127
INFO:root:Source substation: 28
INFO:root:Destination substation: 127
INFO:root:Link added between Utility 3.ENOREE..Router 28 and Utility 3.CROSS ANCHOR..Router 127
INFO:root:Source: 28
INFO:root:Destination: 193
INFO:root:Source substation: 28
INFO:root:Destination substation: 193
INFO:root:Link added between Utility 3.ENOREE..Router 28 and Utility 3.ROEBUCK..Router 193
INFO:root:Source: 153
INFO:root:Destination: 46
INFO:root:Source substation: 153
INFO:root:Destination substation: 46
INFO:root:Link added between Utility 3.INMAN..Router 153 and Utility 3.SPARTANBURG 6..Router 46
INFO:root:Source: 46
INFO:root:Destination: 188
INFO:root:Source substation: 46
INFO:root:Destination substation: 188
INFO:root:Link added between Utility 3.SPARTANBURG 6..Router 46 and Utility 3.SPARTANBURG 2..Router 188
INFO:root:Source: 46
INFO:root:Destination: 193
INFO:root:Source substation: 46
INFO:root:Destination substation: 193
INFO:root:Link added between Utility 3.SPARTANBURG 6..Router 46 and Utility 3.ROEBUCK..Router 193
INFO:root:Source: 59
INFO:root:Destination: 102
INFO:root:Source substation: 59
INFO:root:Destination substation: 102
INFO:root:Link added between Utility 3.FINGERVILLE..Router 59 and Utility 3.BLACKSBURG 1..Router 102
INFO:root:Source: 102
INFO:root:Destination: 60
INFO:root:Source substation: 102
INFO:root:Destination substation: 60
INFO:root:Link added between Utility 3.BLACKSBURG 1..Router 102 and Utility 3.ROCK HILL 2..Router 60
INFO:root:Source: 102
INFO:root:Destination: 76
INFO:root:Source substation: 102
INFO:root:Destination substation: 76
INFO:root:Link added between Utility 3.BLACKSBURG 1..Router 102 and Utility 3.BLACKSBURG 2..Router 76
INFO:root:Source: 102
INFO:root:Destination: 61
INFO:root:Source substation: 102
INFO:root:Destination substation: 61
INFO:root:Link added between Utility 3.BLACKSBURG 1..Router 102 and Utility 3.YORK 2..Router 61
INFO:root:Source: 194
INFO:root:Destination: 182
INFO:root:Source substation: 194
INFO:root:Destination substation: 182
INFO:root:Link added between Utility 3.SHARON..Router 194 and Utility 3.JONESVILLE..Router 182
INFO:root:Source: 182
INFO:root:Destination: 181
INFO:root:Source substation: 182
INFO:root:Destination substation: 181
INFO:root:Link added between Utility 3.JONESVILLE..Router 182 and Utility 3.UNION 1..Router 181
INFO:root:Source: 182
INFO:root:Destination: 135
INFO:root:Source substation: 182
INFO:root:Destination substation: 135
INFO:root:Link added between Utility 3.JONESVILLE..Router 182 and Utility 3.SPARTANBURG 4..Router 135
INFO:root:Source: 175
INFO:root:Destination: 178
INFO:root:Source substation: 175
INFO:root:Destination substation: 178
INFO:root:Link added between Utility 3.CATAWBA..Router 175 and Utility 3.FORT MILL 2..Router 178
INFO:root:Source: 178
INFO:root:Destination: 138
INFO:root:Source substation: 178
INFO:root:Destination substation: 138
INFO:root:Link added between Utility 3.FORT MILL 2..Router 178 and Utility 3.FORT MILL 3..Router 138
INFO:root:Source: 206
INFO:root:Destination: 61
INFO:root:Source substation: 206
INFO:root:Destination substation: 61
INFO:root:Link added between Utility 3.FORT MILL 1..Router 206 and Utility 3.YORK 2..Router 61
INFO:root:Source: 61
INFO:root:Destination: 138
INFO:root:Source substation: 61
INFO:root:Destination substation: 138
INFO:root:Link added between Utility 3.YORK 2..Router 61 and Utility 3.FORT MILL 3..Router 138
INFO:root:Source: 61
INFO:root:Destination: 60
INFO:root:Source substation: 61
INFO:root:Destination substation: 60
INFO:root:Link added between Utility 3.YORK 2..Router 61 and Utility 3.ROCK HILL 2..Router 60
INFO:root:Source: 155
INFO:root:Destination: 173
INFO:root:Source substation: 155
INFO:root:Destination substation: 173
INFO:root:Link added between Utility 3.WHITMIRE..Router 155 and Utility 3.UNION 2..Router 173
INFO:root:Source: 173
INFO:root:Destination: 84
INFO:root:Source substation: 173
INFO:root:Destination substation: 84
INFO:root:Link added between Utility 3.UNION 2..Router 173 and Utility 3.CLINTON..Router 84
INFO:root:Source: 173
INFO:root:Destination: 92
INFO:root:Source substation: 173
INFO:root:Destination substation: 92
INFO:root:Link added between Utility 3.UNION 2..Router 173 and Utility 3.UNION 3..Router 92
INFO:root:Source: 173
INFO:root:Destination: 204
INFO:root:Source substation: 173
INFO:root:Destination substation: 204
INFO:root:Link added between Utility 3.UNION 2..Router 173 and Utility 3.CARLISLE..Router 204
INFO:root:Source: 173
INFO:root:Destination: 127
INFO:root:Source substation: 173
INFO:root:Destination substation: 127
INFO:root:Link added between Utility 3.UNION 2..Router 173 and Utility 3.CROSS ANCHOR..Router 127
INFO:root:Source: 188
INFO:root:Destination: 135
INFO:root:Source substation: 188
INFO:root:Destination substation: 135
INFO:root:Link added between Utility 3.SPARTANBURG 2..Router 188 and Utility 3.SPARTANBURG 4..Router 135
INFO:root:Source: 135
INFO:root:Destination: 55
INFO:root:Source substation: 135
INFO:root:Destination substation: 55
INFO:root:Link added between Utility 3.SPARTANBURG 4..Router 135 and Utility 3.COWPENS..Router 55
INFO:root:Source: 181
INFO:root:Destination: 42
INFO:root:Source substation: 181
INFO:root:Destination substation: 42
INFO:root:Link added between Utility 3.UNION 1..Router 181 and Utility 3.PACOLET..Router 42
INFO:root:Source: 42
INFO:root:Destination: 120
INFO:root:Source substation: 42
INFO:root:Destination substation: 120
INFO:root:Link added between Utility 3.PACOLET..Router 42 and Utility 3.BUFFALO..Router 120
INFO:root:Source: 76
INFO:root:Destination: 17
INFO:root:Source substation: 76
INFO:root:Destination substation: 17
INFO:root:Link added between Utility 3.BLACKSBURG 2..Router 76 and Utility 3.GAFFNEY 3..Router 17
INFO:root:Source: 17
INFO:root:Destination: 183
INFO:root:Source substation: 17
INFO:root:Destination substation: 183
INFO:root:Link added between Utility 3.GAFFNEY 3..Router 17 and Utility 3.CHESNEE 1..Router 183
INFO:root:Source: 17
INFO:root:Destination: 55
INFO:root:Source substation: 17
INFO:root:Destination substation: 55
INFO:root:Link added between Utility 3.GAFFNEY 3..Router 17 and Utility 3.COWPENS..Router 55
INFO:root:Source: 183
INFO:root:Destination: 170
INFO:root:Source substation: 183
INFO:root:Destination substation: 170
INFO:root:Link added between Utility 3.CHESNEE 1..Router 183 and Utility 3.CHESNEE 2..Router 170
INFO:root:Source: 170
INFO:root:Destination: 25
INFO:root:Source substation: 170
INFO:root:Destination substation: 25
INFO:root:Link added between Utility 3.CHESNEE 2..Router 170 and Utility 3.MAYO..Router 25
INFO:root:Source: 120
INFO:root:Destination: 193
INFO:root:Source substation: 120
INFO:root:Destination substation: 193
INFO:root:Link added between Utility 3.BUFFALO..Router 120 and Utility 3.ROEBUCK..Router 193
INFO:root:Source: 84
INFO:root:Destination: 193
INFO:root:Source substation: 84
INFO:root:Destination substation: 193
INFO:root:Link added between Utility 3.CLINTON..Router 84 and Utility 3.ROEBUCK..Router 193
INFO:root:Source: 92
INFO:root:Destination: 39
INFO:root:Source substation: 92
INFO:root:Destination substation: 39
INFO:root:Link added between Utility 3.UNION 3..Router 92 and Utility 3.BLAIR..Router 39
INFO:root:Source: 39
INFO:root:Destination: 204
INFO:root:Source substation: 39
INFO:root:Destination substation: 204
INFO:root:Link added between Utility 3.BLAIR..Router 39 and Utility 3.CARLISLE..Router 204
INFO:root:Substation numbers in utility: [5, 8, 13, 15, 18, 23, 27, 33, 34, 35, 44, 45, 49, 58, 63, 68, 72, 80, 81, 85, 88, 89, 91, 97, 99, 101, 107, 109, 114, 119, 124, 126, 140, 143, 159, 161, 163, 200, 208]
INFO:root:Number of substations: 39
INFO:root:Utility id: 54
INFO:root:Optimized positions for G2: {0: array([ 33.64139833, -82.34658486]), 37: array([ 33.70456148, -82.17437459]), 1: array([ 33.74468178, -82.36001258]), 2: array([ 34.47541743, -82.2131857 ]), 38: array([ 34.28054009, -82.20742676]), 3: array([ 34.04289442, -81.73109627]), 29: array([ 33.83216467, -81.70859961]), 4: array([ 34.25221379, -81.73744225]), 12: array([ 34.3218151 , -81.60284566]), 31: array([ 34.06996683, -82.03195887]), 7: array([ 34.36743379, -81.47981321]), 5: array([ 33.86864711, -82.13163232]), 33: array([ 33.80701423, -81.96977109]), 6: array([ 34.60579442, -82.53007079]), 26: array([ 34.47271642, -82.39970338]), 11: array([ 34.52498422, -81.37273713]), 20: array([ 34.27566844, -81.30081891]), 8: array([ 34.43363523, -82.12819512]), 9: array([ 34.30842549, -82.38143597]), 10: array([ 33.33200907, -80.90618898]), 17: array([ 33.38708501, -81.07587848]), 13: array([ 33.14025325, -82.60496142]), 16: array([ 33.25932887, -82.45905766]), 14: array([ 34.41207555, -82.30256072]), 15: array([ 33.44630282, -81.16407847]), 35: array([ 33.46413902, -81.3115066 ]), 30: array([ 33.41910303, -82.25477178]), 18: array([ 33.43831393, -82.16939826]), 27: array([ 33.20165182, -82.13809461]), 19: array([ 33.65995055, -81.48381737]), 22: array([ 34.16504577, -81.19106555]), 21: array([ 33.99229844, -82.08867873]), 23: array([ 33.69680649, -81.97195755]), 32: array([ 33.42298314, -81.87974857]), 24: array([ 33.33645645, -81.51869737]), 34: array([ 33.29636526, -81.77902667]), 25: array([ 33.08102486, -82.00937073]), 36: array([ 33.20481131, -81.87804974]), 28: array([ 33.31402211, -82.02538564])}
INFO:progress.log:Optimized Positions: {0: array([ 33.64139833, -82.34658486]), 37: array([ 33.70456148, -82.17437459]), 1: array([ 33.74468178, -82.36001258]), 2: array([ 34.47541743, -82.2131857 ]), 38: array([ 34.28054009, -82.20742676]), 3: array([ 34.04289442, -81.73109627]), 29: array([ 33.83216467, -81.70859961]), 4: array([ 34.25221379, -81.73744225]), 12: array([ 34.3218151 , -81.60284566]), 31: array([ 34.06996683, -82.03195887]), 7: array([ 34.36743379, -81.47981321]), 5: array([ 33.86864711, -82.13163232]), 33: array([ 33.80701423, -81.96977109]), 6: array([ 34.60579442, -82.53007079]), 26: array([ 34.47271642, -82.39970338]), 11: array([ 34.52498422, -81.37273713]), 20: array([ 34.27566844, -81.30081891]), 8: array([ 34.43363523, -82.12819512]), 9: array([ 34.30842549, -82.38143597]), 10: array([ 33.33200907, -80.90618898]), 17: array([ 33.38708501, -81.07587848]), 13: array([ 33.14025325, -82.60496142]), 16: array([ 33.25932887, -82.45905766]), 14: array([ 34.41207555, -82.30256072]), 15: array([ 33.44630282, -81.16407847]), 35: array([ 33.46413902, -81.3115066 ]), 30: array([ 33.41910303, -82.25477178]), 18: array([ 33.43831393, -82.16939826]), 27: array([ 33.20165182, -82.13809461]), 19: array([ 33.65995055, -81.48381737]), 22: array([ 34.16504577, -81.19106555]), 21: array([ 33.99229844, -82.08867873]), 23: array([ 33.69680649, -81.97195755]), 32: array([ 33.42298314, -81.87974857]), 24: array([ 33.33645645, -81.51869737]), 34: array([ 33.29636526, -81.77902667]), 25: array([ 33.08102486, -82.00937073]), 36: array([ 33.20481131, -81.87804974]), 28: array([ 33.31402211, -82.02538564])}
INFO:root:Mapping: {0: '33', 37: '63', 1: '200', 2: '101', 38: '58', 3: '114', 29: '45', 4: '140', 12: '34', 31: '161', 7: '97', 5: '208', 33: '119', 6: '124', 26: '89', 11: '5', 20: '81', 8: '72', 9: '27', 10: '99', 17: '13', 13: '88', 16: '18', 14: '143', 15: '35', 35: '44', 30: '15', 18: '91', 27: '68', 19: '109', 22: '8', 21: '23', 23: '80', 32: '49', 24: '107', 34: '126', 25: '159', 36: '85', 28: '163'}
INFO:root:Number of subs in mapping: 39
INFO:root:Labels of the nodes in the statistics based graph: [(0, {'pos': (33.66, -82.2), 'label': '33'}), (37, {'label': '63', 'pos': (33.75, -82.15)}), (1, {'label': '200', 'pos': (33.77, -82.24)}), (2, {'label': '101', 'pos': (34.34, -82.09)}), (38, {'label': '58', 'pos': (34.24, -82.15)}), (3, {'label': '114', 'pos': (34.04, -81.78)}), (29, {'label': '45', 'pos': (33.84, -81.8)}), (4, {'label': '140', 'pos': (34.23, -81.77)}), (12, {'label': '34', 'pos': (34.31, -81.63)}), (31, {'label': '161', 'pos': (34.11, -81.98)}), (7, {'label': '97', 'pos': (33.9, -81.71)}), (5, {'label': '208', 'pos': (33.93, -82.25)}), (33, {'label': '119', 'pos': (33.82, -82.0)}), (6, {'label': '124', 'pos': (34.01, -82.52)}), (26, {'label': '89', 'pos': (34.14, -82.15)}), (11, {'label': '5', 'pos': (34.19, -81.87)}), (20, {'label': '81', 'pos': (33.87, -81.55)}), (8, {'label': '72', 'pos': (34.37, -81.96)}), (9, {'label': '27', 'pos': (34.04, -82.23)}), (10, {'label': '99', 'pos': (33.4, -81.42)}), (17, {'label': '13', 'pos': (33.48, -81.51)}), (13, {'label': '88', 'pos': (33.53, -81.94)}), (16, {'label': '18', 'pos': (33.64, -82.11)}), (14, {'label': '143', 'pos': (34.17, -81.9)}), (15, {'label': '35', 'pos': (33.65, -81.6)}), (35, {'label': '44', 'pos': (33.59, -81.7)}), (30, {'label': '15', 'pos': (33.61, -81.98)}), (18, {'label': '91', 'pos': (33.61, -81.82)}), (27, {'label': '68', 'pos': (33.57, -81.86)}), (19, {'label': '109', 'pos': (33.78, -81.68)}), (22, {'label': '8', 'pos': (33.81, -81.59)}), (21, {'label': '23', 'pos': (33.97, -82.08)}), (23, {'label': '80', 'pos': (33.69, -81.85)}), (32, {'label': '49', 'pos': (33.51, -81.86)}), (24, {'label': '107', 'pos': (33.42, -81.69)}), (34, {'label': '126', 'pos': (33.3, -81.8)}), (25, {'label': '159', 'pos': (33.45, -81.86)}), (36, {'label': '85', 'pos': (33.52, -81.83)}), (28, {'label': '163', 'pos': (33.44, -81.91)})]
INFO:root:Labels of the nodes in the power based graph: [(5, {'Latitude': 34.19, 'Longitude': -81.87, 'label': '5'}), (8, {'Latitude': 33.81, 'Longitude': -81.59, 'label': '8'}), (140, {'Latitude': 34.23, 'Longitude': -81.77, 'label': '140'}), (13, {'Latitude': 33.48, 'Longitude': -81.51, 'label': '13'}), (15, {'Latitude': 33.61, 'Longitude': -81.98, 'label': '15'}), (143, {'Latitude': 34.17, 'Longitude': -81.9, 'label': '143'}), (18, {'Latitude': 33.64, 'Longitude': -82.11, 'label': '18'}), (23, {'Latitude': 33.97, 'Longitude': -82.08, 'label': '23'}), (27, {'Latitude': 34.04, 'Longitude': -82.23, 'label': '27'}), (159, {'Latitude': 33.45, 'Longitude': -81.86, 'label': '159'}), (33, {'Latitude': 33.66, 'Longitude': -82.2, 'label': '33'}), (34, {'Latitude': 34.31, 'Longitude': -81.63, 'label': '34'}), (35, {'Latitude': 33.65, 'Longitude': -81.6, 'label': '35'}), (161, {'Latitude': 34.11, 'Longitude': -81.98, 'label': '161'}), (163, {'Latitude': 33.44, 'Longitude': -81.91, 'label': '163'}), (44, {'Latitude': 33.59, 'Longitude': -81.7, 'label': '44'}), (45, {'Latitude': 33.84, 'Longitude': -81.8, 'label': '45'}), (49, {'Latitude': 33.51, 'Longitude': -81.86, 'label': '49'}), (58, {'Latitude': 34.24, 'Longitude': -82.15, 'label': '58'}), (63, {'Latitude': 33.75, 'Longitude': -82.15, 'label': '63'}), (68, {'Latitude': 33.57, 'Longitude': -81.86, 'label': '68'}), (72, {'Latitude': 34.37, 'Longitude': -81.96, 'label': '72'}), (200, {'Latitude': 33.77, 'Longitude': -82.24, 'label': '200'}), (80, {'Latitude': 33.69, 'Longitude': -81.85, 'label': '80'}), (81, {'Latitude': 33.87, 'Longitude': -81.55, 'label': '81'}), (208, {'Latitude': 33.93, 'Longitude': -82.25, 'label': '208'}), (85, {'Latitude': 33.52, 'Longitude': -81.83, 'label': '85'}), (88, {'Latitude': 33.53, 'Longitude': -81.94, 'label': '88'}), (89, {'Latitude': 34.14, 'Longitude': -82.15, 'label': '89'}), (91, {'Latitude': 33.61, 'Longitude': -81.82, 'label': '91'}), (97, {'Latitude': 33.9, 'Longitude': -81.71, 'label': '97'}), (99, {'Latitude': 33.4, 'Longitude': -81.42, 'label': '99'}), (101, {'Latitude': 34.34, 'Longitude': -82.09, 'label': '101'}), (107, {'Latitude': 33.42, 'Longitude': -81.69, 'label': '107'}), (109, {'Latitude': 33.78, 'Longitude': -81.68, 'label': '109'}), (114, {'Latitude': 34.04, 'Longitude': -81.78, 'label': '114'}), (119, {'Latitude': 33.82, 'Longitude': -82.0, 'label': '119'}), (124, {'Latitude': 34.01, 'Longitude': -82.52, 'label': '124'}), (126, {'Latitude': 33.3, 'Longitude': -81.8, 'label': '126'})]
INFO:root:Source: 33
INFO:root:Destination: 63
INFO:root:Source substation: 33
INFO:root:Destination substation: 63
INFO:root:Link added between Utility 2.CLARKS HILL 1..Router 33 and Utility 2.MODOC..Router 63
INFO:root:Source: 63
INFO:root:Destination: 200
INFO:root:Source substation: 63
INFO:root:Destination substation: 200
INFO:root:Link added between Utility 2.MODOC..Router 63 and Utility 2.PLUM BRANCH..Router 200
INFO:root:Source: 63
INFO:root:Destination: 91
INFO:root:Source substation: 63
INFO:root:Destination substation: 91
INFO:root:Link added between Utility 2.MODOC..Router 63 and Utility 2.VAUCLUSE..Router 91
INFO:root:Source: 63
INFO:root:Destination: 15
INFO:root:Source substation: 63
INFO:root:Destination substation: 15
INFO:root:Link added between Utility 2.MODOC..Router 63 and Utility 2.NORTH AUGUSTA 2..Router 15
INFO:root:Source: 63
INFO:root:Destination: 161
INFO:root:Source substation: 63
INFO:root:Destination substation: 161
INFO:root:Link added between Utility 2.MODOC..Router 63 and Utility 2.NINETY SIX..Router 161
INFO:root:Source: 63
INFO:root:Destination: 119
INFO:root:Source substation: 63
INFO:root:Destination substation: 119
INFO:root:Link added between Utility 2.MODOC..Router 63 and Utility 2.EDGEFIELD..Router 119
INFO:root:Source: 101
INFO:root:Destination: 58
INFO:root:Source substation: 101
INFO:root:Destination substation: 58
INFO:root:Link added between Utility 2.WATERLOO..Router 101 and Utility 2.GREENWOOD 2..Router 58
INFO:root:Source: 58
INFO:root:Destination: 72
INFO:root:Source substation: 58
INFO:root:Destination substation: 72
INFO:root:Link added between Utility 2.GREENWOOD 2..Router 58 and Utility 2.CROSS HILL..Router 72
INFO:root:Source: 58
INFO:root:Destination: 27
INFO:root:Source substation: 58
INFO:root:Destination substation: 27
INFO:root:Link added between Utility 2.GREENWOOD 2..Router 58 and Utility 2.BRADLEY..Router 27
INFO:root:Source: 58
INFO:root:Destination: 143
INFO:root:Source substation: 58
INFO:root:Destination substation: 143
INFO:root:Link added between Utility 2.GREENWOOD 2..Router 58 and Utility 2.CHAPPELLS 1..Router 143
INFO:root:Source: 58
INFO:root:Destination: 23
INFO:root:Source substation: 58
INFO:root:Destination substation: 23
INFO:root:Link added between Utility 2.GREENWOOD 2..Router 58 and Utility 2.TROY..Router 23
INFO:root:Source: 58
INFO:root:Destination: 89
INFO:root:Source substation: 58
INFO:root:Destination substation: 89
INFO:root:Link added between Utility 2.GREENWOOD 2..Router 58 and Utility 2.GREENWOOD 1..Router 89
INFO:root:Source: 58
INFO:root:Destination: 161
INFO:root:Source substation: 58
INFO:root:Destination substation: 161
INFO:root:Link added between Utility 2.GREENWOOD 2..Router 58 and Utility 2.NINETY SIX..Router 161
INFO:root:Source: 114
INFO:root:Destination: 45
INFO:root:Source substation: 114
INFO:root:Destination substation: 45
INFO:root:Link added between Utility 2.SALUDA..Router 114 and Utility 2.JOHNSTON..Router 45
INFO:root:Source: 45
INFO:root:Destination: 109
INFO:root:Source substation: 45
INFO:root:Destination substation: 109
INFO:root:Link added between Utility 2.JOHNSTON..Router 45 and Utility 2.RIDGE SPRING..Router 109
INFO:root:Source: 45
INFO:root:Destination: 119
INFO:root:Source substation: 45
INFO:root:Destination substation: 119
INFO:root:Link added between Utility 2.JOHNSTON..Router 45 and Utility 2.EDGEFIELD..Router 119
INFO:root:Source: 140
INFO:root:Destination: 34
INFO:root:Source substation: 140
INFO:root:Destination substation: 34
INFO:root:Link added between Utility 2.SILVERSTREET..Router 140 and Utility 2.NEWBERRY..Router 34
INFO:root:Source: 140
INFO:root:Destination: 161
INFO:root:Source substation: 140
INFO:root:Destination substation: 161
INFO:root:Link added between Utility 2.SILVERSTREET..Router 140 and Utility 2.NINETY SIX..Router 161
INFO:root:Source: 140
INFO:root:Destination: 97
INFO:root:Source substation: 140
INFO:root:Destination substation: 97
INFO:root:Link added between Utility 2.SILVERSTREET..Router 140 and Utility 2.WARD..Router 97
INFO:root:Source: 97
INFO:root:Destination: 5
INFO:root:Source substation: 97
INFO:root:Destination substation: 5
INFO:root:Link added between Utility 2.WARD..Router 97 and Utility 2.CHAPPELLS 2..Router 5
INFO:root:Source: 97
INFO:root:Destination: 81
INFO:root:Source substation: 97
INFO:root:Destination substation: 81
INFO:root:Link added between Utility 2.WARD..Router 97 and Utility 2.BATESBURG..Router 81
INFO:root:Source: 208
INFO:root:Destination: 119
INFO:root:Source substation: 208
INFO:root:Destination substation: 119
INFO:root:Link added between Utility 2.MC CORMICK..Router 208 and Utility 2.EDGEFIELD..Router 119
INFO:root:Source: 124
INFO:root:Destination: 89
INFO:root:Source substation: 124
INFO:root:Destination substation: 89
INFO:root:Link added between Utility 2.CALHOUN FALLS..Router 124 and Utility 2.GREENWOOD 1..Router 89
INFO:root:Source: 81
INFO:root:Destination: 8
INFO:root:Source substation: 81
INFO:root:Destination substation: 8
INFO:root:Link added between Utility 2.BATESBURG..Router 81 and Utility 2.MONETTA..Router 8
INFO:root:Source: 99
INFO:root:Destination: 13
INFO:root:Source substation: 99
INFO:root:Destination substation: 13
INFO:root:Link added between Utility 2.WILLISTON..Router 99 and Utility 2.WINDSOR..Router 13
INFO:root:Source: 13
INFO:root:Destination: 44
INFO:root:Source substation: 13
INFO:root:Destination substation: 44
INFO:root:Link added between Utility 2.WINDSOR..Router 13 and Utility 2.AIKEN 2..Router 44
INFO:root:Source: 88
INFO:root:Destination: 18
INFO:root:Source substation: 88
INFO:root:Destination substation: 18
INFO:root:Link added between Utility 2.NORTH AUGUSTA 1..Router 88 and Utility 2.CLARKS HILL 2..Router 18
INFO:root:Source: 18
INFO:root:Destination: 15
INFO:root:Source substation: 18
INFO:root:Destination substation: 15
INFO:root:Link added between Utility 2.CLARKS HILL 2..Router 18 and Utility 2.NORTH AUGUSTA 2..Router 15
INFO:root:Source: 35
INFO:root:Destination: 44
INFO:root:Source substation: 35
INFO:root:Destination substation: 44
INFO:root:Link added between Utility 2.AIKEN 3..Router 35 and Utility 2.AIKEN 2..Router 44
INFO:root:Source: 44
INFO:root:Destination: 109
INFO:root:Source substation: 44
INFO:root:Destination substation: 109
INFO:root:Link added between Utility 2.AIKEN 2..Router 44 and Utility 2.RIDGE SPRING..Router 109
INFO:root:Source: 44
INFO:root:Destination: 107
INFO:root:Source substation: 44
INFO:root:Destination substation: 107
INFO:root:Link added between Utility 2.AIKEN 2..Router 44 and Utility 2.AIKEN 1..Router 107
INFO:root:Source: 15
INFO:root:Destination: 163
INFO:root:Source substation: 15
INFO:root:Destination substation: 163
INFO:root:Link added between Utility 2.NORTH AUGUSTA 2..Router 15 and Utility 2.BEECH ISLAND 1..Router 163
INFO:root:Source: 91
INFO:root:Destination: 68
INFO:root:Source substation: 91
INFO:root:Destination substation: 68
INFO:root:Link added between Utility 2.VAUCLUSE..Router 91 and Utility 2.GRANITEVILLE..Router 68
INFO:root:Source: 68
INFO:root:Destination: 159
INFO:root:Source substation: 68
INFO:root:Destination substation: 159
INFO:root:Link added between Utility 2.GRANITEVILLE..Router 68 and Utility 2.BEECH ISLAND 2..Router 159
INFO:root:Source: 23
INFO:root:Destination: 80
INFO:root:Source substation: 23
INFO:root:Destination substation: 80
INFO:root:Link added between Utility 2.TROY..Router 23 and Utility 2.TRENTON..Router 80
INFO:root:Source: 80
INFO:root:Destination: 49
INFO:root:Source substation: 80
INFO:root:Destination substation: 49
INFO:root:Link added between Utility 2.TRENTON..Router 80 and Utility 2.LANGLEY..Router 49
INFO:root:Source: 49
INFO:root:Destination: 126
INFO:root:Source substation: 49
INFO:root:Destination substation: 126
INFO:root:Link added between Utility 2.LANGLEY..Router 49 and Utility 2.JACKSON..Router 126
INFO:root:Source: 49
INFO:root:Destination: 85
INFO:root:Source substation: 49
INFO:root:Destination substation: 85
INFO:root:Link added between Utility 2.LANGLEY..Router 49 and Utility 2.WARRENVILLE..Router 85
INFO:root:Source: 107
INFO:root:Destination: 126
INFO:root:Source substation: 107
INFO:root:Destination substation: 126
INFO:root:Link added between Utility 2.AIKEN 1..Router 107 and Utility 2.JACKSON..Router 126
INFO:root:Source: 126
INFO:root:Destination: 163
INFO:root:Source substation: 126
INFO:root:Destination substation: 163
INFO:root:Link added between Utility 2.JACKSON..Router 126 and Utility 2.BEECH ISLAND 1..Router 163
INFO:root:Source: 126
INFO:root:Destination: 85
INFO:root:Source substation: 126
INFO:root:Destination substation: 85
INFO:root:Link added between Utility 2.JACKSON..Router 126 and Utility 2.WARRENVILLE..Router 85
INFO:root:Source: 159
INFO:root:Destination: 85
INFO:root:Source substation: 159
INFO:root:Destination substation: 85
INFO:root:Link added between Utility 2.BEECH ISLAND 2..Router 159 and Utility 2.WARRENVILLE..Router 85
INFO:root:Substation numbers in utility: [6, 7, 10, 11, 21, 24, 29, 32, 38, 40, 41, 43, 50, 51, 53, 54, 56, 66, 70, 71, 75, 77, 86, 87, 90, 93, 94, 95, 103, 104, 105, 112, 113, 115, 117, 121, 123, 125, 131, 132, 134, 139, 142, 145, 146, 147, 149, 150, 156, 157, 158, 165, 166, 169, 171, 172, 179, 180, 184, 185, 186, 187, 189, 190, 198, 199, 201]
INFO:root:Number of substations: 67
INFO:root:Utility id: 55
INFO:root:Optimized positions for G2: {0: array([ 34.75188173, -82.41012862]), 49: array([ 34.76729719, -82.5197056 ]), 1: array([ 34.80738416, -82.27912246]), 25: array([ 34.89511731, -82.32107786]), 11: array([ 34.64581681, -82.3562146 ]), 6: array([ 34.87452238, -82.11343048]), 2: array([ 35.27139996, -82.60952355]), 51: array([ 35.15391136, -82.61931058]), 3: array([ 34.4129493 , -82.92315875]), 55: array([ 34.51868869, -82.8502948 ]), 4: array([ 34.27015979, -82.30071795]), 52: array([ 34.29867262, -82.26179759]), 5: array([ 34.25954987, -82.60414821]), 65: array([ 34.37891362, -82.59615457]), 17: array([ 34.92103737, -81.95178478]), 7: array([ 35.04485209, -82.92028086]), 42: array([ 34.95914773, -82.85139245]), 8: array([ 34.9538406 , -81.80847725]), 18: array([ 34.89143711, -81.85256688]), 10: array([ 35.00006691, -81.67157796]), 9: array([ 35.08433195, -82.58195264]), 63: array([ 34.98784832, -82.61561759]), 12: array([ 35.05731639, -81.5935665 ]), 13: array([ 34.9969232 , -81.57863568]), 53: array([ 34.47033239, -82.41023893]), 14: array([ 34.5686924 , -82.39504242]), 62: array([ 34.60286976, -82.50823462]), 15: array([ 34.92217014, -83.12252099]), 57: array([ 34.8554017 , -83.03107243]), 16: array([ 34.70252749, -82.81379826]), 66: array([ 34.66570392, -82.81909799]), 19: array([ 35.07776277, -82.35899826]), 38: array([ 35.05689416, -82.47763564]), 20: array([ 35.05592669, -82.30298343]), 29: array([ 34.98191054, -82.39556586]), 21: array([ 34.29768113, -81.90872644]), 32: array([ 34.30380616, -82.00146672]), 22: array([ 34.74948117, -82.8269985 ]), 23: array([ 34.65655657, -83.2995476 ]), 64: array([ 34.68149993, -83.18642235]), 24: array([ 34.74145279, -82.88167545]), 26: array([ 34.71244569, -83.29516833]), 28: array([ 34.29295747, -82.12106173]), 36: array([ 34.88495675, -82.51443409]), 30: array([ 34.50426736, -82.71659968]), 31: array([ 34.84213645, -82.76259516]), 58: array([ 34.69715685, -82.67684223]), 33: array([ 34.62027635, -82.62016107]), 46: array([ 34.48330029, -82.60457304]), 67: array([ 34.77881526, -82.65550989]), 34: array([ 34.50122501, -83.10333318]), 45: array([ 34.56954002, -83.19305802]), 56: array([ 34.49635525, -82.96353474]), 35: array([ 35.07440916, -82.68496684]), 40: array([ 34.93459177, -82.66742729]), 47: array([ 35.18010314, -82.68199245]), 37: array([ 34.36671042, -82.73746146]), 59: array([ 34.44841085, -82.85446269]), 39: array([ 34.78941579, -83.14563394]), 41: array([ 34.38115886, -82.48884862]), 43: array([ 34.53071453, -82.41827863]), 44: array([ 34.63546693, -82.74967348]), 48: array([ 34.67143656, -83.01576084]), 50: array([ 34.83239371, -82.84973712]), 60: array([ 34.35060412, -82.41832746]), 54: array([ 34.773455 , -82.7413388]), 61: array([ 34.58396024, -82.84855511])}
INFO:progress.log:Optimized Positions: {0: array([ 34.75188173, -82.41012862]), 49: array([ 34.76729719, -82.5197056 ]), 1: array([ 34.80738416, -82.27912246]), 25: array([ 34.89511731, -82.32107786]), 11: array([ 34.64581681, -82.3562146 ]), 6: array([ 34.87452238, -82.11343048]), 2: array([ 35.27139996, -82.60952355]), 51: array([ 35.15391136, -82.61931058]), 3: array([ 34.4129493 , -82.92315875]), 55: array([ 34.51868869, -82.8502948 ]), 4: array([ 34.27015979, -82.30071795]), 52: array([ 34.29867262, -82.26179759]), 5: array([ 34.25954987, -82.60414821]), 65: array([ 34.37891362, -82.59615457]), 17: array([ 34.92103737, -81.95178478]), 7: array([ 35.04485209, -82.92028086]), 42: array([ 34.95914773, -82.85139245]), 8: array([ 34.9538406 , -81.80847725]), 18: array([ 34.89143711, -81.85256688]), 10: array([ 35.00006691, -81.67157796]), 9: array([ 35.08433195, -82.58195264]), 63: array([ 34.98784832, -82.61561759]), 12: array([ 35.05731639, -81.5935665 ]), 13: array([ 34.9969232 , -81.57863568]), 53: array([ 34.47033239, -82.41023893]), 14: array([ 34.5686924 , -82.39504242]), 62: array([ 34.60286976, -82.50823462]), 15: array([ 34.92217014, -83.12252099]), 57: array([ 34.8554017 , -83.03107243]), 16: array([ 34.70252749, -82.81379826]), 66: array([ 34.66570392, -82.81909799]), 19: array([ 35.07776277, -82.35899826]), 38: array([ 35.05689416, -82.47763564]), 20: array([ 35.05592669, -82.30298343]), 29: array([ 34.98191054, -82.39556586]), 21: array([ 34.29768113, -81.90872644]), 32: array([ 34.30380616, -82.00146672]), 22: array([ 34.74948117, -82.8269985 ]), 23: array([ 34.65655657, -83.2995476 ]), 64: array([ 34.68149993, -83.18642235]), 24: array([ 34.74145279, -82.88167545]), 26: array([ 34.71244569, -83.29516833]), 28: array([ 34.29295747, -82.12106173]), 36: array([ 34.88495675, -82.51443409]), 30: array([ 34.50426736, -82.71659968]), 31: array([ 34.84213645, -82.76259516]), 58: array([ 34.69715685, -82.67684223]), 33: array([ 34.62027635, -82.62016107]), 46: array([ 34.48330029, -82.60457304]), 67: array([ 34.77881526, -82.65550989]), 34: array([ 34.50122501, -83.10333318]), 45: array([ 34.56954002, -83.19305802]), 56: array([ 34.49635525, -82.96353474]), 35: array([ 35.07440916, -82.68496684]), 40: array([ 34.93459177, -82.66742729]), 47: array([ 35.18010314, -82.68199245]), 37: array([ 34.36671042, -82.73746146]), 59: array([ 34.44841085, -82.85446269]), 39: array([ 34.78941579, -83.14563394]), 41: array([ 34.38115886, -82.48884862]), 43: array([ 34.53071453, -82.41827863]), 44: array([ 34.63546693, -82.74967348]), 48: array([ 34.67143656, -83.01576084]), 50: array([ 34.83239371, -82.84973712]), 60: array([ 34.35060412, -82.41832746]), 54: array([ 34.773455 , -82.7413388]), 61: array([ 34.58396024, -82.84855511])}
INFO:root:Mapping: {0: '54', 49: '132', 1: '131', 25: '66', 11: '86', 6: '199', 2: '139', 51: '112', 3: '198', 55: '75', 4: '43', 52: '169', 5: '21', 65: '125', 17: '87', 7: '70', 42: '117', 8: '10', 18: '24', 10: '147', 9: '190', 63: '51', 12: '179', 13: '145', 53: '201', 14: '6', 62: '171', 15: '53', 57: '105', 16: '187', 66: '158', 19: '103', 38: '165', 20: '186', 29: '104', 21: '11', 32: '156', 22: '7', 23: '93', 64: '71', 24: '32', 26: '189', 28: '121', 36: '142', 30: '113', 31: '77', 58: '123', 33: '157', 46: '90', 67: '172', 34: '95', 45: '56', 56: '115', 35: '94', 40: '180', 47: '185', 37: '146', 59: '41', 39: '40', 41: '166', 43: '29', 44: '134', 48: '150', 50: '149', 60: '50', 54: '184', 61: '38'}
INFO:root:Number of subs in mapping: 67
INFO:root:Labels of the nodes in the statistics based graph: [(0, {'pos': (34.77, -82.38), 'label': '54'}), (49, {'label': '132', 'pos': (34.81, -82.33)}), (1, {'label': '131', 'pos': (34.78, -82.3)}), (25, {'label': '66', 'pos': (34.86, -82.3)}), (11, {'label': '86', 'pos': (34.69, -82.29)}), (6, {'label': '199', 'pos': (34.9, -82.26)}), (2, {'label': '139', 'pos': (35.14, -82.28)}), (51, {'label': '112', 'pos': (35.15, -82.53)}), (3, {'label': '198', 'pos': (34.53, -82.87)}), (55, {'label': '75', 'pos': (34.56, -82.76)}), (4, {'label': '43', 'pos': (34.18, -82.43)}), (52, {'label': '169', 'pos': (34.31, -82.23)}), (5, {'label': '21', 'pos': (34.26, -82.61)}), (65, {'label': '125', 'pos': (34.44, -82.62)}), (17, {'label': '87', 'pos': (34.86, -82.11)}), (7, {'label': '70', 'pos': (34.96, -82.91)}), (42, {'label': '117', 'pos': (34.99, -82.84)}), (8, {'label': '10', 'pos': (34.93, -82.1)}), (18, {'label': '24', 'pos': (34.77, -82.23)}), (10, {'label': '147', 'pos': (35.0, -82.13)}), (9, {'label': '190', 'pos': (34.92, -82.44)}), (63, {'label': '51', 'pos': (34.85, -82.4)}), (12, {'label': '179', 'pos': (35.12, -82.13)}), (13, {'label': '145', 'pos': (34.67, -82.19)}), (53, {'label': '201', 'pos': (34.46, -82.36)}), (14, {'label': '6', 'pos': (34.64, -82.41)}), (62, {'label': '171', 'pos': (34.6, -82.44)}), (15, {'label': '53', 'pos': (35.01, -83.0)}), (57, {'label': '105', 'pos': (34.95, -82.98)}), (16, {'label': '187', 'pos': (34.74, -82.8)}), (66, {'label': '158', 'pos': (34.68, -82.84)}), (19, {'label': '103', 'pos': (34.99, -82.33)}), (38, {'label': '165', 'pos': (35.03, -82.49)}), (20, {'label': '186', 'pos': (35.02, -82.28)}), (29, {'label': '104', 'pos': (34.87, -82.36)}), (21, {'label': '11', 'pos': (34.5, -82.05)}), (32, {'label': '156', 'pos': (34.59, -82.12)}), (22, {'label': '7', 'pos': (34.79, -82.9)}), (23, {'label': '93', 'pos': (34.86, -83.16)}), (64, {'label': '71', 'pos': (34.78, -83.01)}), (24, {'label': '32', 'pos': (34.73, -82.91)}), (26, {'label': '189', 'pos': (34.76, -83.28)}), (28, {'label': '121', 'pos': (34.41, -82.22)}), (36, {'label': '142', 'pos': (34.83, -82.46)}), (30, {'label': '113', 'pos': (34.51, -82.61)}), (31, {'label': '77', 'pos': (34.77, -82.69)}), (58, {'label': '123', 'pos': (34.7, -82.46)}), (33, {'label': '157', 'pos': (34.63, -82.55)}), (46, {'label': '90', 'pos': (34.52, -82.48)}), (67, {'label': '172', 'pos': (34.78, -82.56)}), (34, {'label': '95', 'pos': (34.44, -83.05)}), (45, {'label': '56', 'pos': (34.65, -83.15)}), (56, {'label': '115', 'pos': (34.52, -83.0)}), (35, {'label': '94', 'pos': (34.93, -82.73)}), (40, {'label': '180', 'pos': (34.88, -82.58)}), (47, {'label': '185', 'pos': (35.08, -82.63)}), (37, {'label': '146', 'pos': (34.38, -82.72)}), (59, {'label': '41', 'pos': (34.46, -82.76)}), (39, {'label': '40', 'pos': (34.78, -83.08)}), (41, {'label': '166', 'pos': (34.3, -82.43)}), (43, {'label': '29', 'pos': (34.53, -82.37)}), (44, {'label': '134', 'pos': (34.64, -82.72)}), (48, {'label': '150', 'pos': (34.75, -82.93)}), (50, {'label': '149', 'pos': (34.83, -82.85)}), (60, {'label': '50', 'pos': (34.36, -82.34)}), (54, {'label': '184', 'pos': (34.76, -82.76)}), (61, {'label': '38', 'pos': (34.64, -82.94)})]
INFO:root:Labels of the nodes in the power based graph: [(131, {'Latitude': 34.78, 'Longitude': -82.3, 'label': '131'}), (132, {'Latitude': 34.81, 'Longitude': -82.33, 'label': '132'}), (6, {'Latitude': 34.64, 'Longitude': -82.41, 'label': '6'}), (7, {'Latitude': 34.79, 'Longitude': -82.9, 'label': '7'}), (134, {'Latitude': 34.64, 'Longitude': -82.72, 'label': '134'}), (10, {'Latitude': 34.93, 'Longitude': -82.1, 'label': '10'}), (11, {'Latitude': 34.5, 'Longitude': -82.05, 'label': '11'}), (139, {'Latitude': 35.14, 'Longitude': -82.28, 'label': '139'}), (142, {'Latitude': 34.83, 'Longitude': -82.46, 'label': '142'}), (145, {'Latitude': 34.67, 'Longitude': -82.19, 'label': '145'}), (146, {'Latitude': 34.38, 'Longitude': -82.72, 'label': '146'}), (147, {'Latitude': 35.0, 'Longitude': -82.13, 'label': '147'}), (21, {'Latitude': 34.26, 'Longitude': -82.61, 'label': '21'}), (149, {'Latitude': 34.83, 'Longitude': -82.85, 'label': '149'}), (150, {'Latitude': 34.75, 'Longitude': -82.93, 'label': '150'}), (24, {'Latitude': 34.77, 'Longitude': -82.23, 'label': '24'}), (156, {'Latitude': 34.59, 'Longitude': -82.12, 'label': '156'}), (29, {'Latitude': 34.53, 'Longitude': -82.37, 'label': '29'}), (157, {'Latitude': 34.63, 'Longitude': -82.55, 'label': '157'}), (158, {'Latitude': 34.68, 'Longitude': -82.84, 'label': '158'}), (32, {'Latitude': 34.73, 'Longitude': -82.91, 'label': '32'}), (165, {'Latitude': 35.03, 'Longitude': -82.49, 'label': '165'}), (38, {'Latitude': 34.64, 'Longitude': -82.94, 'label': '38'}), (166, {'Latitude': 34.3, 'Longitude': -82.43, 'label': '166'}), (40, {'Latitude': 34.78, 'Longitude': -83.08, 'label': '40'}), (41, {'Latitude': 34.46, 'Longitude': -82.76, 'label': '41'}), (169, {'Latitude': 34.31, 'Longitude': -82.23, 'label': '169'}), (43, {'Latitude': 34.18, 'Longitude': -82.43, 'label': '43'}), (171, {'Latitude': 34.6, 'Longitude': -82.44, 'label': '171'}), (172, {'Latitude': 34.78, 'Longitude': -82.56, 'label': '172'}), (50, {'Latitude': 34.36, 'Longitude': -82.34, 'label': '50'}), (51, {'Latitude': 34.85, 'Longitude': -82.4, 'label': '51'}), (179, {'Latitude': 35.12, 'Longitude': -82.13, 'label': '179'}), (53, {'Latitude': 35.01, 'Longitude': -83.0, 'label': '53'}), (54, {'Latitude': 34.77, 'Longitude': -82.38, 'label': '54'}), (180, {'Latitude': 34.88, 'Longitude': -82.58, 'label': '180'}), (56, {'Latitude': 34.65, 'Longitude': -83.15, 'label': '56'}), (184, {'Latitude': 34.76, 'Longitude': -82.76, 'label': '184'}), (185, {'Latitude': 35.08, 'Longitude': -82.63, 'label': '185'}), (186, {'Latitude': 35.02, 'Longitude': -82.28, 'label': '186'}), (187, {'Latitude': 34.74, 'Longitude': -82.8, 'label': '187'}), (189, {'Latitude': 34.76, 'Longitude': -83.28, 'label': '189'}), (190, {'Latitude': 34.92, 'Longitude': -82.44, 'label': '190'}), (66, {'Latitude': 34.86, 'Longitude': -82.3, 'label': '66'}), (70, {'Latitude': 34.96, 'Longitude': -82.91, 'label': '70'}), (71, {'Latitude': 34.78, 'Longitude': -83.01, 'label': '71'}), (198, {'Latitude': 34.53, 'Longitude': -82.87, 'label': '198'}), (199, {'Latitude': 34.9, 'Longitude': -82.26, 'label': '199'}), (201, {'Latitude': 34.46, 'Longitude': -82.36, 'label': '201'}), (75, {'Latitude': 34.56, 'Longitude': -82.76, 'label': '75'}), (77, {'Latitude': 34.77, 'Longitude': -82.69, 'label': '77'}), (86, {'Latitude': 34.69, 'Longitude': -82.29, 'label': '86'}), (87, {'Latitude': 34.86, 'Longitude': -82.11, 'label': '87'}), (90, {'Latitude': 34.52, 'Longitude': -82.48, 'label': '90'}), (93, {'Latitude': 34.86, 'Longitude': -83.16, 'label': '93'}), (94, {'Latitude': 34.93, 'Longitude': -82.73, 'label': '94'}), (95, {'Latitude': 34.44, 'Longitude': -83.05, 'label': '95'}), (103, {'Latitude': 34.99, 'Longitude': -82.33, 'label': '103'}), (104, {'Latitude': 34.87, 'Longitude': -82.36, 'label': '104'}), (105, {'Latitude': 34.95, 'Longitude': -82.98, 'label': '105'}), (112, {'Latitude': 35.15, 'Longitude': -82.53, 'label': '112'}), (113, {'Latitude': 34.51, 'Longitude': -82.61, 'label': '113'}), (115, {'Latitude': 34.52, 'Longitude': -83.0, 'label': '115'}), (117, {'Latitude': 34.99, 'Longitude': -82.84, 'label': '117'}), (121, {'Latitude': 34.41, 'Longitude': -82.22, 'label': '121'}), (123, {'Latitude': 34.7, 'Longitude': -82.46, 'label': '123'}), (125, {'Latitude': 34.44, 'Longitude': -82.62, 'label': '125'})]
INFO:root:Source: 54
INFO:root:Destination: 132
INFO:root:Source substation: 54
INFO:root:Destination substation: 132
INFO:root:Link added between Utility 0.GREENVILLE 6..Router 54 and Utility 0.GREENVILLE 3..Router 132
INFO:root:Source: 132
INFO:root:Destination: 172
INFO:root:Source substation: 132
INFO:root:Destination substation: 172
INFO:root:Link added between Utility 0.GREENVILLE 3..Router 132 and Utility 0.EASLEY 2..Router 172
INFO:root:Source: 131
INFO:root:Destination: 66
INFO:root:Source substation: 131
INFO:root:Destination substation: 66
INFO:root:Link added between Utility 0.MAULDIN..Router 131 and Utility 0.GREENVILLE 5..Router 66
INFO:root:Source: 131
INFO:root:Destination: 86
INFO:root:Source substation: 131
INFO:root:Destination substation: 86
INFO:root:Link added between Utility 0.MAULDIN..Router 131 and Utility 0.SIMPSONVILLE 1..Router 86
INFO:root:Source: 131
INFO:root:Destination: 199
INFO:root:Source substation: 131
INFO:root:Destination substation: 199
INFO:root:Link added between Utility 0.MAULDIN..Router 131 and Utility 0.GREER 1..Router 199
INFO:root:Source: 86
INFO:root:Destination: 201
INFO:root:Source substation: 86
INFO:root:Destination substation: 201
INFO:root:Link added between Utility 0.SIMPSONVILLE 1..Router 86 and Utility 0.HONEA PATH 1..Router 201
INFO:root:Source: 199
INFO:root:Destination: 87
INFO:root:Source substation: 199
INFO:root:Destination substation: 87
INFO:root:Link added between Utility 0.GREER 1..Router 199 and Utility 0.DUNCAN..Router 87
INFO:root:Source: 139
INFO:root:Destination: 112
INFO:root:Source substation: 139
INFO:root:Destination substation: 112
INFO:root:Link added between Utility 0.LANDRUM..Router 139 and Utility 0.MARIETTA..Router 112
INFO:root:Source: 112
INFO:root:Destination: 185
INFO:root:Source substation: 112
INFO:root:Destination substation: 185
INFO:root:Link added between Utility 0.MARIETTA..Router 112 and Utility 0.CLEVELAND..Router 185
INFO:root:Source: 112
INFO:root:Destination: 51
INFO:root:Source substation: 112
INFO:root:Destination substation: 51
INFO:root:Link added between Utility 0.MARIETTA..Router 112 and Utility 0.GREENVILLE 7..Router 51
INFO:root:Source: 198
INFO:root:Destination: 75
INFO:root:Source substation: 198
INFO:root:Destination substation: 75
INFO:root:Link added between Utility 0.TOWNVILLE..Router 198 and Utility 0.ANDERSON 3..Router 75
INFO:root:Source: 75
INFO:root:Destination: 134
INFO:root:Source substation: 75
INFO:root:Destination substation: 134
INFO:root:Link added between Utility 0.ANDERSON 3..Router 75 and Utility 0.PENDLETON..Router 134
INFO:root:Source: 75
INFO:root:Destination: 38
INFO:root:Source substation: 75
INFO:root:Destination substation: 38
INFO:root:Link added between Utility 0.ANDERSON 3..Router 75 and Utility 0.SENECA 2..Router 38
INFO:root:Source: 43
INFO:root:Destination: 169
INFO:root:Source substation: 43
INFO:root:Destination substation: 169
INFO:root:Link added between Utility 0.ABBEVILLE..Router 43 and Utility 0.HODGES..Router 169
INFO:root:Source: 169
INFO:root:Destination: 121
INFO:root:Source substation: 169
INFO:root:Destination substation: 121
INFO:root:Link added between Utility 0.HODGES..Router 169 and Utility 0.WARE SHOALS..Router 121
INFO:root:Source: 169
INFO:root:Destination: 50
INFO:root:Source substation: 169
INFO:root:Destination substation: 50
INFO:root:Link added between Utility 0.HODGES..Router 169 and Utility 0.DONALDS..Router 50
INFO:root:Source: 21
INFO:root:Destination: 125
INFO:root:Source substation: 21
INFO:root:Destination substation: 125
INFO:root:Link added between Utility 0.IVA..Router 21 and Utility 0.ANDERSON 1..Router 125
INFO:root:Source: 125
INFO:root:Destination: 113
INFO:root:Source substation: 125
INFO:root:Destination substation: 113
INFO:root:Link added between Utility 0.ANDERSON 1..Router 125 and Utility 0.ANDERSON 2..Router 113
INFO:root:Source: 125
INFO:root:Destination: 146
INFO:root:Source substation: 125
INFO:root:Destination substation: 146
INFO:root:Link added between Utility 0.ANDERSON 1..Router 125 and Utility 0.STARR..Router 146
INFO:root:Source: 125
INFO:root:Destination: 166
INFO:root:Source substation: 125
INFO:root:Destination substation: 166
INFO:root:Link added between Utility 0.ANDERSON 1..Router 125 and Utility 0.DUE WEST..Router 166
INFO:root:Source: 125
INFO:root:Destination: 90
INFO:root:Source substation: 125
INFO:root:Destination substation: 90
INFO:root:Link added between Utility 0.ANDERSON 1..Router 125 and Utility 0.BELTON 1..Router 90
INFO:root:Source: 125
INFO:root:Destination: 50
INFO:root:Source substation: 125
INFO:root:Destination substation: 50
INFO:root:Link added between Utility 0.ANDERSON 1..Router 125 and Utility 0.DONALDS..Router 50
INFO:root:Source: 87
INFO:root:Destination: 10
INFO:root:Source substation: 87
INFO:root:Destination substation: 10
INFO:root:Link added between Utility 0.DUNCAN..Router 87 and Utility 0.WELLFORD..Router 10
INFO:root:Source: 70
INFO:root:Destination: 117
INFO:root:Source substation: 70
INFO:root:Destination substation: 117
INFO:root:Link added between Utility 0.SALEM 2..Router 70 and Utility 0.SUNSET..Router 117
INFO:root:Source: 117
INFO:root:Destination: 77
INFO:root:Source substation: 117
INFO:root:Destination substation: 77
INFO:root:Link added between Utility 0.SUNSET..Router 117 and Utility 0.LIBERTY..Router 77
INFO:root:Source: 10
INFO:root:Destination: 24
INFO:root:Source substation: 10
INFO:root:Destination substation: 24
INFO:root:Link added between Utility 0.WELLFORD..Router 10 and Utility 0.SIMPSONVILLE 2..Router 24
INFO:root:Source: 10
INFO:root:Destination: 147
INFO:root:Source substation: 10
INFO:root:Destination substation: 147
INFO:root:Link added between Utility 0.WELLFORD..Router 10 and Utility 0.SPARTANBURG 3..Router 147
INFO:root:Source: 147
INFO:root:Destination: 179
INFO:root:Source substation: 147
INFO:root:Destination substation: 179
INFO:root:Link added between Utility 0.SPARTANBURG 3..Router 147 and Utility 0.CAMPOBELLO..Router 179
INFO:root:Source: 147
INFO:root:Destination: 145
INFO:root:Source substation: 147
INFO:root:Destination substation: 145
INFO:root:Link added between Utility 0.SPARTANBURG 3..Router 147 and Utility 0.FOUNTAIN INN..Router 145
INFO:root:Source: 190
INFO:root:Destination: 51
INFO:root:Source substation: 190
INFO:root:Destination substation: 51
INFO:root:Link added between Utility 0.GREENVILLE 1..Router 190 and Utility 0.GREENVILLE 7..Router 51
INFO:root:Source: 51
INFO:root:Destination: 165
INFO:root:Source substation: 51
INFO:root:Destination substation: 165
INFO:root:Link added between Utility 0.GREENVILLE 7..Router 51 and Utility 0.TRAVELERS REST..Router 165
INFO:root:Source: 51
INFO:root:Destination: 184
INFO:root:Source substation: 51
INFO:root:Destination substation: 184
INFO:root:Link added between Utility 0.GREENVILLE 7..Router 51 and Utility 0.NORRIS..Router 184
INFO:root:Source: 201
INFO:root:Destination: 166
INFO:root:Source substation: 201
INFO:root:Destination substation: 166
INFO:root:Link added between Utility 0.HONEA PATH 1..Router 201 and Utility 0.DUE WEST..Router 166
INFO:root:Source: 201
INFO:root:Destination: 50
INFO:root:Source substation: 201
INFO:root:Destination substation: 50
INFO:root:Link added between Utility 0.HONEA PATH 1..Router 201 and Utility 0.DONALDS..Router 50
INFO:root:Source: 6
INFO:root:Destination: 171
INFO:root:Source substation: 6
INFO:root:Destination substation: 171
INFO:root:Link added between Utility 0.PELZER..Router 6 and Utility 0.WILLIAMSTON 1..Router 171
INFO:root:Source: 171
INFO:root:Destination: 29
INFO:root:Source substation: 171
INFO:root:Destination substation: 29
INFO:root:Link added between Utility 0.WILLIAMSTON 1..Router 171 and Utility 0.HONEA PATH 2..Router 29
INFO:root:Source: 171
INFO:root:Destination: 123
INFO:root:Source substation: 171
INFO:root:Destination substation: 123
INFO:root:Link added between Utility 0.WILLIAMSTON 1..Router 171 and Utility 0.PIEDMONT..Router 123
INFO:root:Source: 53
INFO:root:Destination: 105
INFO:root:Source substation: 53
INFO:root:Destination substation: 105
INFO:root:Link added between Utility 0.SALEM 3..Router 53 and Utility 0.SALEM 1..Router 105
INFO:root:Source: 105
INFO:root:Destination: 40
INFO:root:Source substation: 105
INFO:root:Destination substation: 40
INFO:root:Link added between Utility 0.SALEM 1..Router 105 and Utility 0.WALHALLA..Router 40
INFO:root:Source: 105
INFO:root:Destination: 149
INFO:root:Source substation: 105
INFO:root:Destination substation: 149
INFO:root:Link added between Utility 0.SALEM 1..Router 105 and Utility 0.SIX MILE..Router 149
INFO:root:Source: 187
INFO:root:Destination: 158
INFO:root:Source substation: 187
INFO:root:Destination substation: 158
INFO:root:Link added between Utility 0.CENTRAL..Router 187 and Utility 0.CLEMSON..Router 158
INFO:root:Source: 158
INFO:root:Destination: 7
INFO:root:Source substation: 158
INFO:root:Destination substation: 7
INFO:root:Link added between Utility 0.CLEMSON..Router 158 and Utility 0.SENECA 3..Router 7
INFO:root:Source: 158
INFO:root:Destination: 32
INFO:root:Source substation: 158
INFO:root:Destination substation: 32
INFO:root:Link added between Utility 0.CLEMSON..Router 158 and Utility 0.NEWRY..Router 32
INFO:root:Source: 158
INFO:root:Destination: 113
INFO:root:Source substation: 158
INFO:root:Destination substation: 113
INFO:root:Link added between Utility 0.CLEMSON..Router 158 and Utility 0.ANDERSON 2..Router 113
INFO:root:Source: 158
INFO:root:Destination: 150
INFO:root:Source substation: 158
INFO:root:Destination substation: 150
INFO:root:Link added between Utility 0.CLEMSON..Router 158 and Utility 0.SENECA 1..Router 150
INFO:root:Source: 158
INFO:root:Destination: 184
INFO:root:Source substation: 158
INFO:root:Destination substation: 184
INFO:root:Link added between Utility 0.CLEMSON..Router 158 and Utility 0.NORRIS..Router 184
INFO:root:Source: 158
INFO:root:Destination: 123
INFO:root:Source substation: 158
INFO:root:Destination substation: 123
INFO:root:Link added between Utility 0.CLEMSON..Router 158 and Utility 0.PIEDMONT..Router 123
INFO:root:Source: 103
INFO:root:Destination: 165
INFO:root:Source substation: 103
INFO:root:Destination substation: 165
INFO:root:Link added between Utility 0.TAYLORS..Router 103 and Utility 0.TRAVELERS REST..Router 165
INFO:root:Source: 186
INFO:root:Destination: 104
INFO:root:Source substation: 186
INFO:root:Destination substation: 104
INFO:root:Link added between Utility 0.GREER 2..Router 186 and Utility 0.GREENVILLE 4..Router 104
INFO:root:Source: 104
INFO:root:Destination: 142
INFO:root:Source substation: 104
INFO:root:Destination substation: 142
INFO:root:Link added between Utility 0.GREENVILLE 4..Router 104 and Utility 0.GREENVILLE 2..Router 142
INFO:root:Source: 11
INFO:root:Destination: 156
INFO:root:Source substation: 11
INFO:root:Destination substation: 156
INFO:root:Link added between Utility 0.LAURENS..Router 11 and Utility 0.GRAY COURT..Router 156
INFO:root:Source: 156
INFO:root:Destination: 121
INFO:root:Source substation: 156
INFO:root:Destination substation: 121
INFO:root:Link added between Utility 0.GRAY COURT..Router 156 and Utility 0.WARE SHOALS..Router 121
INFO:root:Source: 93
INFO:root:Destination: 71
INFO:root:Source substation: 93
INFO:root:Destination substation: 71
INFO:root:Link added between Utility 0.MOUNTAIN REST..Router 93 and Utility 0.WEST UNION..Router 71
INFO:root:Source: 71
INFO:root:Destination: 189
INFO:root:Source substation: 71
INFO:root:Destination substation: 189
INFO:root:Link added between Utility 0.WEST UNION..Router 71 and Utility 0.LONG CREEK..Router 189
INFO:root:Source: 71
INFO:root:Destination: 40
INFO:root:Source substation: 71
INFO:root:Destination substation: 40
INFO:root:Link added between Utility 0.WEST UNION..Router 71 and Utility 0.WALHALLA..Router 40
INFO:root:Source: 71
INFO:root:Destination: 56
INFO:root:Source substation: 71
INFO:root:Destination substation: 56
INFO:root:Link added between Utility 0.WEST UNION..Router 71 and Utility 0.WESTMINSTER 2..Router 56
INFO:root:Source: 71
INFO:root:Destination: 150
INFO:root:Source substation: 71
INFO:root:Destination substation: 150
INFO:root:Link added between Utility 0.WEST UNION..Router 71 and Utility 0.SENECA 1..Router 150
INFO:root:Source: 142
INFO:root:Destination: 172
INFO:root:Source substation: 142
INFO:root:Destination substation: 172
INFO:root:Link added between Utility 0.GREENVILLE 2..Router 142 and Utility 0.EASLEY 2..Router 172
INFO:root:Source: 77
INFO:root:Destination: 123
INFO:root:Source substation: 77
INFO:root:Destination substation: 123
INFO:root:Link added between Utility 0.LIBERTY..Router 77 and Utility 0.PIEDMONT..Router 123
INFO:root:Source: 157
INFO:root:Destination: 90
INFO:root:Source substation: 157
INFO:root:Destination substation: 90
INFO:root:Link added between Utility 0.WILLIAMSTON 2..Router 157 and Utility 0.BELTON 1..Router 90
INFO:root:Source: 157
INFO:root:Destination: 172
INFO:root:Source substation: 157
INFO:root:Destination substation: 172
INFO:root:Link added between Utility 0.WILLIAMSTON 2..Router 157 and Utility 0.EASLEY 2..Router 172
INFO:root:Source: 172
INFO:root:Destination: 180
INFO:root:Source substation: 172
INFO:root:Destination substation: 180
INFO:root:Link added between Utility 0.EASLEY 2..Router 172 and Utility 0.EASLEY 1..Router 180
INFO:root:Source: 172
INFO:root:Destination: 134
INFO:root:Source substation: 172
INFO:root:Destination substation: 134
INFO:root:Link added between Utility 0.EASLEY 2..Router 172 and Utility 0.PENDLETON..Router 134
INFO:root:Source: 172
INFO:root:Destination: 149
INFO:root:Source substation: 172
INFO:root:Destination substation: 149
INFO:root:Link added between Utility 0.EASLEY 2..Router 172 and Utility 0.SIX MILE..Router 149
INFO:root:Source: 95
INFO:root:Destination: 56
INFO:root:Source substation: 95
INFO:root:Destination substation: 56
INFO:root:Link added between Utility 0.WESTMINSTER 1..Router 95 and Utility 0.WESTMINSTER 2..Router 56
INFO:root:Source: 95
INFO:root:Destination: 115
INFO:root:Source substation: 95
INFO:root:Destination substation: 115
INFO:root:Link added between Utility 0.WESTMINSTER 1..Router 95 and Utility 0.FAIR PLAY..Router 115
INFO:root:Source: 115
INFO:root:Destination: 41
INFO:root:Source substation: 115
INFO:root:Destination substation: 41
INFO:root:Link added between Utility 0.FAIR PLAY..Router 115 and Utility 0.ANDERSON 4..Router 41
INFO:root:Source: 115
INFO:root:Destination: 38
INFO:root:Source substation: 115
INFO:root:Destination substation: 38
INFO:root:Link added between Utility 0.FAIR PLAY..Router 115 and Utility 0.SENECA 2..Router 38
INFO:root:Source: 94
INFO:root:Destination: 180
INFO:root:Source substation: 94
INFO:root:Destination substation: 180
INFO:root:Link added between Utility 0.PICKENS..Router 94 and Utility 0.EASLEY 1..Router 180
INFO:root:Source: 94
INFO:root:Destination: 185
INFO:root:Source substation: 94
INFO:root:Destination substation: 185
INFO:root:Link added between Utility 0.PICKENS..Router 94 and Utility 0.CLEVELAND..Router 185
INFO:root:Source: 146
INFO:root:Destination: 41
INFO:root:Source substation: 146
INFO:root:Destination substation: 41
INFO:root:Link added between Utility 0.STARR..Router 146 and Utility 0.ANDERSON 4..Router 41
INFO:root:Source: 41
INFO:root:Destination: 38
INFO:root:Source substation: 41
INFO:root:Destination substation: 38
INFO:root:Link added between Utility 0.ANDERSON 4..Router 41 and Utility 0.SENECA 2..Router 38
INFO:root:Source: 184
INFO:root:Destination: 38
INFO:root:Source substation: 184
INFO:root:Destination substation: 38
INFO:root:Link added between Utility 0.NORRIS..Router 184 and Utility 0.SENECA 2..Router 38
